<?xml version="1.0" encoding="UTF-8"?>
<coverage generated="1774553289422" clover="3.2.0">
  <project timestamp="1774553289422" name="All files">
    <metrics statements="30" coveredstatements="30" conditionals="20" coveredconditionals="17" methods="8" coveredmethods="8" elements="58" coveredelements="55" complexity="0" loc="30" ncloc="30" packages="1" files="1" classes="1"/>
    <file name="cards-api.ts" path="/Users/styrbjorn/Sites/favro-cli/src/lib/cards-api.ts">
      <metrics statements="30" coveredstatements="30" conditionals="20" coveredconditionals="17" methods="8" coveredmethods="8"/>
      <line num="42" count="1" type="stmt"/>
      <line num="43" count="28" type="stmt"/>
      <line num="53" count="11" type="cond" truecount="2" falsecount="0"/>
      <line num="54" count="11" type="stmt"/>
      <line num="55" count="11" type="stmt"/>
      <line num="56" count="11" type="stmt"/>
      <line num="59" count="11" type="cond" truecount="2" falsecount="0"/>
      <line num="60" count="13" type="stmt"/>
      <line num="65" count="13" type="cond" truecount="1" falsecount="0"/>
      <line num="66" count="2" type="stmt"/>
      <line num="67" count="2" type="stmt"/>
      <line num="70" count="13" type="stmt"/>
      <line num="72" count="12" type="cond" truecount="2" falsecount="0"/>
      <line num="73" count="12" type="stmt"/>
      <line num="76" count="12" type="cond" truecount="2" falsecount="0"/>
      <line num="77" count="5" type="stmt"/>
      <line num="78" count="5" type="cond" truecount="1" falsecount="1"/>
      <line num="79" count="5" type="cond" truecount="1" falsecount="1"/>
      <line num="82" count="7" type="stmt"/>
      <line num="86" count="5" type="cond" truecount="1" falsecount="0"/>
      <line num="89" count="10" type="stmt"/>
      <line num="93" count="2" type="stmt"/>
      <line num="97" count="3" type="stmt"/>
      <line num="101" count="4" type="stmt"/>
      <line num="102" count="3" type="cond" truecount="2" falsecount="0"/>
      <line num="106" count="3" type="stmt"/>
      <line num="110" count="2" type="stmt"/>
      <line num="114" count="3" type="stmt"/>
      <line num="117" count="3" type="cond" truecount="1" falsecount="1"/>
      <line num="121" count="1" type="stmt"/>
    </file>
  </project>
</coverage>
