{"/Users/styrbjorn/Sites/favro-cli/src/commands/cards-create.ts": {"path":"/Users/styrbjorn/Sites/favro-cli/src/commands/cards-create.ts","statementMap":{"0":{"start":{"line":9,"column":0},"end":{"line":9,"column":16}},"1":{"start":{"line":6,"column":0},"end":{"line":6,"column":40}},"2":{"start":{"line":7,"column":0},"end":{"line":7,"column":49}},"3":{"start":{"line":10,"column":2},"end":{"line":60,"column":7}},"4":{"start":{"line":25,"column":6},"end":{"line":59,"column":7}},"5":{"start":{"line":26,"column":22},"end":{"line":26,"column":49}},"6":{"start":{"line":27,"column":8},"end":{"line":30,"column":9}},"7":{"start":{"line":28,"column":10},"end":{"line":28,"column":84}},"8":{"start":{"line":29,"column":10},"end":{"line":29,"column":26}},"9":{"start":{"line":32,"column":23},"end":{"line":34,"column":10}},"10":{"start":{"line":35,"column":20},"end":{"line":35,"column":40}},"11":{"start":{"line":37,"column":8},"end":{"line":54,"column":9}},"12":{"start":{"line":39,"column":21},"end":{"line":39,"column":48}},"13":{"start":{"line":40,"column":23},"end":{"line":40,"column":75}},"14":{"start":{"line":41,"column":24},"end":{"line":41,"column":51}},"15":{"start":{"line":42,"column":10},"end":{"line":42,"column":57}},"16":{"start":{"line":43,"column":10},"end":{"line":43,"column":63}},"17":{"start":{"line":43,"column":28},"end":{"line":43,"column":63}},"18":{"start":{"line":46,"column":23},"end":{"line":51,"column":12}},"19":{"start":{"line":52,"column":10},"end":{"line":52,"column":56}},"20":{"start":{"line":53,"column":10},"end":{"line":53,"column":62}},"21":{"start":{"line":53,"column":28},"end":{"line":53,"column":62}},"22":{"start":{"line":56,"column":20},"end":{"line":56,"column":74}},"23":{"start":{"line":57,"column":8},"end":{"line":57,"column":41}},"24":{"start":{"line":58,"column":8},"end":{"line":58,"column":24}},"25":{"start":{"line":63,"column":0},"end":{"line":63,"column":42}}},"fnMap":{"0":{"name":"registerCardsCreateCommand","decl":{"start":{"line":9,"column":16},"end":{"line":9,"column":42}},"loc":{"start":{"line":9,"column":59},"end":{"line":61,"column":1}}},"1":{"name":"(anonymous_11)","decl":{"start":{"line":18,"column":12},"end":{"line":18,"column":17}},"loc":{"start":{"line":24,"column":9},"end":{"line":60,"column":5}}},"2":{"name":"(anonymous_12)","decl":{"start":{"line":39,"column":21},"end":{"line":39,"column":34}},"loc":{"start":{"line":39,"column":21},"end":{"line":39,"column":48}}}},"branchMap":{"0":{"loc":{"start":{"line":27,"column":8},"end":{"line":30,"column":9}},"type":"if","locations":[{"start":{"line":27,"column":8},"end":{"line":30,"column":9}}]},"1":{"loc":{"start":{"line":37,"column":8},"end":{"line":54,"column":9}},"type":"if","locations":[{"start":{"line":37,"column":8},"end":{"line":54,"column":9}},{"start":{"line":44,"column":15},"end":{"line":54,"column":9}}]},"2":{"loc":{"start":{"line":43,"column":10},"end":{"line":43,"column":63}},"type":"if","locations":[{"start":{"line":43,"column":10},"end":{"line":43,"column":63}}]},"3":{"loc":{"start":{"line":53,"column":10},"end":{"line":53,"column":62}},"type":"if","locations":[{"start":{"line":53,"column":10},"end":{"line":53,"column":62}}]},"4":{"loc":{"start":{"line":56,"column":20},"end":{"line":56,"column":74}},"type":"cond-expr","locations":[{"start":{"line":56,"column":45},"end":{"line":56,"column":58}},{"start":{"line":56,"column":61},"end":{"line":56,"column":74}}]}},"s":{"0":1,"1":1,"2":1,"3":13,"4":11,"5":11,"6":11,"7":0,"8":0,"9":11,"10":11,"11":11,"12":10,"13":5,"14":3,"15":3,"16":3,"17":1,"18":6,"19":3,"20":3,"21":1,"22":5,"23":5,"24":5,"25":1},"f":{"0":13,"1":11,"2":5},"b":{"0":[0],"1":[5,6],"2":[1],"3":[1],"4":[5,0]}}
,"/Users/styrbjorn/Sites/favro-cli/src/commands/cards-list.ts": {"path":"/Users/styrbjorn/Sites/favro-cli/src/commands/cards-list.ts","statementMap":{"0":{"start":{"line":27,"column":0},"end":{"line":27,"column":16}},"1":{"start":{"line":6,"column":0},"end":{"line":6,"column":50}},"2":{"start":{"line":7,"column":0},"end":{"line":7,"column":49}},"3":{"start":{"line":10,"column":2},"end":{"line":13,"column":3}},"4":{"start":{"line":11,"column":4},"end":{"line":11,"column":35}},"5":{"start":{"line":12,"column":4},"end":{"line":12,"column":11}},"6":{"start":{"line":15,"column":15},"end":{"line":22,"column":5}},"7":{"start":{"line":15,"column":34},"end":{"line":22,"column":4}},"8":{"start":{"line":24,"column":2},"end":{"line":24,"column":22}},"9":{"start":{"line":28,"column":2},"end":{"line":77,"column":7}},"10":{"start":{"line":38,"column":6},"end":{"line":76,"column":7}},"11":{"start":{"line":39,"column":22},"end":{"line":39,"column":49}},"12":{"start":{"line":40,"column":8},"end":{"line":43,"column":9}},"13":{"start":{"line":41,"column":10},"end":{"line":41,"column":84}},"14":{"start":{"line":42,"column":10},"end":{"line":42,"column":26}},"15":{"start":{"line":44,"column":23},"end":{"line":46,"column":10}},"16":{"start":{"line":47,"column":20},"end":{"line":47,"column":40}},"17":{"start":{"line":49,"column":22},"end":{"line":49,"column":55}},"18":{"start":{"line":50,"column":20},"end":{"line":50,"column":61}},"19":{"start":{"line":53,"column":8},"end":{"line":55,"column":9}},"20":{"start":{"line":54,"column":10},"end":{"line":54,"column":94}},"21":{"start":{"line":54,"column":36},"end":{"line":54,"column":92}},"22":{"start":{"line":56,"column":8},"end":{"line":60,"column":9}},"23":{"start":{"line":57,"column":10},"end":{"line":59,"column":13}},"24":{"start":{"line":57,"column":36},"end":{"line":58,"column":null}},"25":{"start":{"line":58,"column":17},"end":{"line":58,"column":73}},"26":{"start":{"line":61,"column":8},"end":{"line":65,"column":9}},"27":{"start":{"line":62,"column":10},"end":{"line":64,"column":13}},"28":{"start":{"line":62,"column":36},"end":{"line":63,"column":null}},"29":{"start":{"line":63,"column":17},"end":{"line":63,"column":68}},"30":{"start":{"line":67,"column":8},"end":{"line":72,"column":9}},"31":{"start":{"line":68,"column":10},"end":{"line":68,"column":54}},"32":{"start":{"line":70,"column":10},"end":{"line":70,"column":56}},"33":{"start":{"line":71,"column":10},"end":{"line":71,"column":34}},"34":{"start":{"line":74,"column":8},"end":{"line":74,"column":43}},"35":{"start":{"line":75,"column":8},"end":{"line":75,"column":24}},"36":{"start":{"line":80,"column":0},"end":{"line":80,"column":40}}},"fnMap":{"0":{"name":"formatCardsTable","decl":{"start":{"line":9,"column":9},"end":{"line":9,"column":25}},"loc":{"start":{"line":9,"column":39},"end":{"line":25,"column":1}}},"1":{"name":"(anonymous_2)","decl":{"start":{"line":15,"column":25},"end":{"line":15,"column":29}},"loc":{"start":{"line":15,"column":34},"end":{"line":22,"column":4}}},"2":{"name":"registerCardsListCommand","decl":{"start":{"line":27,"column":16},"end":{"line":27,"column":40}},"loc":{"start":{"line":27,"column":57},"end":{"line":78,"column":1}}},"3":{"name":"(anonymous_4)","decl":{"start":{"line":37,"column":12},"end":{"line":37,"column":17}},"loc":{"start":{"line":37,"column":40},"end":{"line":77,"column":5}}},"4":{"name":"(anonymous_5)","decl":{"start":{"line":54,"column":31},"end":{"line":54,"column":32}},"loc":{"start":{"line":54,"column":36},"end":{"line":54,"column":92}}},"5":{"name":"(anonymous_6)","decl":{"start":{"line":57,"column":31},"end":{"line":57,"column":32}},"loc":{"start":{"line":57,"column":36},"end":{"line":58,"column":null}}},"6":{"name":"(anonymous_7)","decl":{"start":{"line":58,"column":12},"end":{"line":58,"column":13}},"loc":{"start":{"line":58,"column":17},"end":{"line":58,"column":73}}},"7":{"name":"(anonymous_8)","decl":{"start":{"line":62,"column":31},"end":{"line":62,"column":32}},"loc":{"start":{"line":62,"column":36},"end":{"line":63,"column":null}}},"8":{"name":"(anonymous_9)","decl":{"start":{"line":63,"column":12},"end":{"line":63,"column":13}},"loc":{"start":{"line":63,"column":17},"end":{"line":63,"column":68}}}},"branchMap":{"0":{"loc":{"start":{"line":10,"column":2},"end":{"line":13,"column":3}},"type":"if","locations":[{"start":{"line":10,"column":2},"end":{"line":13,"column":3}}]},"1":{"loc":{"start":{"line":17,"column":11},"end":{"line":17,"column":77}},"type":"cond-expr","locations":[{"start":{"line":17,"column":35},"end":{"line":17,"column":65}},{"start":{"line":17,"column":68},"end":{"line":17,"column":77}}]},"2":{"loc":{"start":{"line":18,"column":12},"end":{"line":18,"column":30}},"type":"binary-expr","locations":[{"start":{"line":18,"column":12},"end":{"line":18,"column":23}},{"start":{"line":18,"column":27},"end":{"line":18,"column":30}}]},"3":{"loc":{"start":{"line":19,"column":15},"end":{"line":19,"column":55}},"type":"binary-expr","locations":[{"start":{"line":19,"column":15},"end":{"line":19,"column":48}},{"start":{"line":19,"column":52},"end":{"line":19,"column":55}}]},"4":{"loc":{"start":{"line":19,"column":16},"end":{"line":19,"column":36}},"type":"binary-expr","locations":[{"start":{"line":19,"column":16},"end":{"line":19,"column":30}},{"start":{"line":19,"column":34},"end":{"line":19,"column":36}}]},"5":{"loc":{"start":{"line":20,"column":10},"end":{"line":20,"column":45}},"type":"binary-expr","locations":[{"start":{"line":20,"column":10},"end":{"line":20,"column":38}},{"start":{"line":20,"column":42},"end":{"line":20,"column":45}}]},"6":{"loc":{"start":{"line":20,"column":11},"end":{"line":20,"column":26}},"type":"binary-expr","locations":[{"start":{"line":20,"column":11},"end":{"line":20,"column":20}},{"start":{"line":20,"column":24},"end":{"line":20,"column":26}}]},"7":{"loc":{"start":{"line":21,"column":13},"end":{"line":21,"column":63}},"type":"cond-expr","locations":[{"start":{"line":21,"column":30},"end":{"line":21,"column":57}},{"start":{"line":21,"column":60},"end":{"line":21,"column":63}}]},"8":{"loc":{"start":{"line":40,"column":8},"end":{"line":43,"column":9}},"type":"if","locations":[{"start":{"line":40,"column":8},"end":{"line":43,"column":9}}]},"9":{"loc":{"start":{"line":49,"column":22},"end":{"line":49,"column":55}},"type":"binary-expr","locations":[{"start":{"line":49,"column":22},"end":{"line":49,"column":49}},{"start":{"line":49,"column":53},"end":{"line":49,"column":55}}]},"10":{"loc":{"start":{"line":53,"column":8},"end":{"line":55,"column":9}},"type":"if","locations":[{"start":{"line":53,"column":8},"end":{"line":55,"column":9}}]},"11":{"loc":{"start":{"line":56,"column":8},"end":{"line":60,"column":9}},"type":"if","locations":[{"start":{"line":56,"column":8},"end":{"line":60,"column":9}}]},"12":{"loc":{"start":{"line":57,"column":37},"end":{"line":57,"column":54}},"type":"binary-expr","locations":[{"start":{"line":57,"column":37},"end":{"line":57,"column":48}},{"start":{"line":57,"column":52},"end":{"line":57,"column":54}}]},"13":{"loc":{"start":{"line":61,"column":8},"end":{"line":65,"column":9}},"type":"if","locations":[{"start":{"line":61,"column":8},"end":{"line":65,"column":9}}]},"14":{"loc":{"start":{"line":62,"column":37},"end":{"line":62,"column":49}},"type":"binary-expr","locations":[{"start":{"line":62,"column":37},"end":{"line":62,"column":43}},{"start":{"line":62,"column":47},"end":{"line":62,"column":49}}]},"15":{"loc":{"start":{"line":67,"column":8},"end":{"line":72,"column":9}},"type":"if","locations":[{"start":{"line":67,"column":8},"end":{"line":72,"column":9}},{"start":{"line":69,"column":15},"end":{"line":72,"column":9}}]}},"s":{"0":1,"1":1,"2":1,"3":7,"4":2,"5":2,"6":5,"7":11,"8":5,"9":20,"10":18,"11":18,"12":18,"13":0,"14":0,"15":18,"16":18,"17":18,"18":18,"19":15,"20":2,"21":6,"22":15,"23":2,"24":6,"25":6,"26":15,"27":1,"28":3,"29":3,"30":15,"31":8,"32":7,"33":7,"34":3,"35":3,"36":1},"f":{"0":7,"1":11,"2":20,"3":18,"4":6,"5":6,"6":6,"7":3,"8":3},"b":{"0":[2],"1":[1,10],"2":[11,1],"3":[11,2],"4":[11,1],"5":[11,2],"6":[11,1],"7":[11,0],"8":[0],"9":[18,0],"10":[2],"11":[2],"12":[6,0],"13":[1],"14":[3,0],"15":[8,7]}}
,"/Users/styrbjorn/Sites/favro-cli/src/commands/cards-update.ts": {"path":"/Users/styrbjorn/Sites/favro-cli/src/commands/cards-update.ts","statementMap":{"0":{"start":{"line":9,"column":0},"end":{"line":9,"column":16}},"1":{"start":{"line":6,"column":0},"end":{"line":6,"column":63}},"2":{"start":{"line":7,"column":0},"end":{"line":7,"column":49}},"3":{"start":{"line":10,"column":2},"end":{"line":54,"column":7}},"4":{"start":{"line":27,"column":6},"end":{"line":53,"column":7}},"5":{"start":{"line":28,"column":22},"end":{"line":28,"column":49}},"6":{"start":{"line":29,"column":8},"end":{"line":32,"column":9}},"7":{"start":{"line":30,"column":10},"end":{"line":30,"column":84}},"8":{"start":{"line":31,"column":10},"end":{"line":31,"column":26}},"9":{"start":{"line":34,"column":23},"end":{"line":36,"column":10}},"10":{"start":{"line":37,"column":20},"end":{"line":37,"column":40}},"11":{"start":{"line":39,"column":46},"end":{"line":39,"column":48}},"12":{"start":{"line":40,"column":8},"end":{"line":40,"column":57}},"13":{"start":{"line":40,"column":26},"end":{"line":40,"column":57}},"14":{"start":{"line":41,"column":8},"end":{"line":41,"column":78}},"15":{"start":{"line":41,"column":33},"end":{"line":41,"column":78}},"16":{"start":{"line":42,"column":8},"end":{"line":42,"column":63}},"17":{"start":{"line":42,"column":28},"end":{"line":42,"column":63}},"18":{"start":{"line":43,"column":8},"end":{"line":43,"column":83}},"19":{"start":{"line":43,"column":31},"end":{"line":43,"column":83}},"20":{"start":{"line":44,"column":8},"end":{"line":44,"column":68}},"21":{"start":{"line":44,"column":26},"end":{"line":44,"column":68}},"22":{"start":{"line":46,"column":21},"end":{"line":46,"column":61}},"23":{"start":{"line":47,"column":8},"end":{"line":47,"column":54}},"24":{"start":{"line":48,"column":8},"end":{"line":48,"column":60}},"25":{"start":{"line":48,"column":26},"end":{"line":48,"column":60}},"26":{"start":{"line":50,"column":20},"end":{"line":50,"column":74}},"27":{"start":{"line":51,"column":8},"end":{"line":51,"column":41}},"28":{"start":{"line":52,"column":8},"end":{"line":52,"column":24}},"29":{"start":{"line":57,"column":0},"end":{"line":57,"column":42}}},"fnMap":{"0":{"name":"registerCardsUpdateCommand","decl":{"start":{"line":9,"column":16},"end":{"line":9,"column":42}},"loc":{"start":{"line":9,"column":59},"end":{"line":55,"column":1}}},"1":{"name":"(anonymous_2)","decl":{"start":{"line":19,"column":12},"end":{"line":19,"column":17}},"loc":{"start":{"line":26,"column":9},"end":{"line":54,"column":5}}}},"branchMap":{"0":{"loc":{"start":{"line":29,"column":8},"end":{"line":32,"column":9}},"type":"if","locations":[{"start":{"line":29,"column":8},"end":{"line":32,"column":9}}]},"1":{"loc":{"start":{"line":40,"column":8},"end":{"line":40,"column":57}},"type":"if","locations":[{"start":{"line":40,"column":8},"end":{"line":40,"column":57}}]},"2":{"loc":{"start":{"line":41,"column":8},"end":{"line":41,"column":78}},"type":"if","locations":[{"start":{"line":41,"column":8},"end":{"line":41,"column":78}}]},"3":{"loc":{"start":{"line":42,"column":8},"end":{"line":42,"column":63}},"type":"if","locations":[{"start":{"line":42,"column":8},"end":{"line":42,"column":63}}]},"4":{"loc":{"start":{"line":43,"column":8},"end":{"line":43,"column":83}},"type":"if","locations":[{"start":{"line":43,"column":8},"end":{"line":43,"column":83}}]},"5":{"loc":{"start":{"line":44,"column":8},"end":{"line":44,"column":68}},"type":"if","locations":[{"start":{"line":44,"column":8},"end":{"line":44,"column":68}}]},"6":{"loc":{"start":{"line":48,"column":8},"end":{"line":48,"column":60}},"type":"if","locations":[{"start":{"line":48,"column":8},"end":{"line":48,"column":60}}]},"7":{"loc":{"start":{"line":50,"column":20},"end":{"line":50,"column":74}},"type":"cond-expr","locations":[{"start":{"line":50,"column":45},"end":{"line":50,"column":58}},{"start":{"line":50,"column":61},"end":{"line":50,"column":74}}]}},"s":{"0":1,"1":1,"2":1,"3":18,"4":16,"5":16,"6":16,"7":0,"8":0,"9":16,"10":16,"11":16,"12":16,"13":6,"14":16,"15":2,"16":16,"17":8,"18":16,"19":2,"20":16,"21":2,"22":16,"23":13,"24":13,"25":1,"26":3,"27":3,"28":3,"29":1},"f":{"0":18,"1":16},"b":{"0":[0],"1":[6],"2":[2],"3":[8],"4":[2],"5":[2],"6":[1],"7":[3,0]}}
,"/Users/styrbjorn/Sites/favro-cli/src/lib/boards-api.ts": {"path":"/Users/styrbjorn/Sites/favro-cli/src/lib/boards-api.ts","statementMap":{"0":{"start":{"line":22,"column":22},"end":{"line":22,"column":45}},"1":{"start":{"line":25,"column":21},"end":{"line":25,"column":99}},"2":{"start":{"line":26,"column":4},"end":{"line":26,"column":35}},"3":{"start":{"line":30,"column":4},"end":{"line":30,"column":56}},"4":{"start":{"line":34,"column":4},"end":{"line":34,"column":52}},"5":{"start":{"line":38,"column":4},"end":{"line":38,"column":64}},"6":{"start":{"line":42,"column":4},"end":{"line":42,"column":51}},"7":{"start":{"line":46,"column":21},"end":{"line":46,"column":109}},"8":{"start":{"line":47,"column":4},"end":{"line":47,"column":35}},"9":{"start":{"line":51,"column":4},"end":{"line":51,"column":71}},"10":{"start":{"line":55,"column":4},"end":{"line":55,"column":62}},"11":{"start":{"line":59,"column":4},"end":{"line":59,"column":79}},"12":{"start":{"line":63,"column":4},"end":{"line":63,"column":61}},"13":{"start":{"line":67,"column":4},"end":{"line":67,"column":94}},"14":{"start":{"line":71,"column":4},"end":{"line":71,"column":79}},"15":{"start":{"line":21,"column":0},"end":{"line":21,"column":13}},"16":{"start":{"line":75,"column":0},"end":{"line":75,"column":25}}},"fnMap":{"0":{"name":"(anonymous_0)","decl":{"start":{"line":22,"column":2},"end":{"line":22,"column":22}},"loc":{"start":{"line":22,"column":45},"end":{"line":22,"column":49}}},"1":{"name":"(anonymous_1)","decl":{"start":{"line":24,"column":2},"end":{"line":24,"column":7}},"loc":{"start":{"line":24,"column":37},"end":{"line":27,"column":3}}},"2":{"name":"(anonymous_2)","decl":{"start":{"line":29,"column":2},"end":{"line":29,"column":7}},"loc":{"start":{"line":29,"column":32},"end":{"line":31,"column":3}}},"3":{"name":"(anonymous_3)","decl":{"start":{"line":33,"column":2},"end":{"line":33,"column":7}},"loc":{"start":{"line":33,"column":87},"end":{"line":35,"column":3}}},"4":{"name":"(anonymous_4)","decl":{"start":{"line":37,"column":2},"end":{"line":37,"column":7}},"loc":{"start":{"line":37,"column":82},"end":{"line":39,"column":3}}},"5":{"name":"(anonymous_5)","decl":{"start":{"line":41,"column":2},"end":{"line":41,"column":7}},"loc":{"start":{"line":41,"column":35},"end":{"line":43,"column":3}}},"6":{"name":"(anonymous_6)","decl":{"start":{"line":45,"column":2},"end":{"line":45,"column":7}},"loc":{"start":{"line":45,"column":42},"end":{"line":48,"column":3}}},"7":{"name":"(anonymous_7)","decl":{"start":{"line":50,"column":2},"end":{"line":50,"column":7}},"loc":{"start":{"line":50,"column":42},"end":{"line":52,"column":3}}},"8":{"name":"(anonymous_8)","decl":{"start":{"line":54,"column":2},"end":{"line":54,"column":7}},"loc":{"start":{"line":54,"column":69},"end":{"line":56,"column":3}}},"9":{"name":"(anonymous_9)","decl":{"start":{"line":58,"column":2},"end":{"line":58,"column":7}},"loc":{"start":{"line":58,"column":92},"end":{"line":60,"column":3}}},"10":{"name":"(anonymous_10)","decl":{"start":{"line":62,"column":2},"end":{"line":62,"column":7}},"loc":{"start":{"line":62,"column":45},"end":{"line":64,"column":3}}},"11":{"name":"(anonymous_11)","decl":{"start":{"line":66,"column":2},"end":{"line":66,"column":7}},"loc":{"start":{"line":66,"column":66},"end":{"line":68,"column":3}}},"12":{"name":"(anonymous_12)","decl":{"start":{"line":70,"column":2},"end":{"line":70,"column":7}},"loc":{"start":{"line":70,"column":71},"end":{"line":72,"column":3}}}},"branchMap":{"0":{"loc":{"start":{"line":24,"column":19},"end":{"line":24,"column":37}},"type":"default-arg","locations":[{"start":{"line":24,"column":35},"end":{"line":24,"column":37}}]},"1":{"loc":{"start":{"line":26,"column":11},"end":{"line":26,"column":34}},"type":"binary-expr","locations":[{"start":{"line":26,"column":11},"end":{"line":26,"column":28}},{"start":{"line":26,"column":32},"end":{"line":26,"column":34}}]},"2":{"loc":{"start":{"line":45,"column":24},"end":{"line":45,"column":42}},"type":"default-arg","locations":[{"start":{"line":45,"column":40},"end":{"line":45,"column":42}}]},"3":{"loc":{"start":{"line":47,"column":11},"end":{"line":47,"column":34}},"type":"binary-expr","locations":[{"start":{"line":47,"column":11},"end":{"line":47,"column":28}},{"start":{"line":47,"column":32},"end":{"line":47,"column":34}}]}},"s":{"0":28,"1":11,"2":8,"3":2,"4":2,"5":1,"6":1,"7":5,"8":5,"9":1,"10":1,"11":1,"12":1,"13":1,"14":1,"15":2,"16":2},"f":{"0":28,"1":11,"2":2,"3":2,"4":1,"5":1,"6":5,"7":1,"8":1,"9":1,"10":1,"11":1,"12":1},"b":{"0":[10],"1":[8,1],"2":[4],"3":[5,1]}}
,"/Users/styrbjorn/Sites/favro-cli/src/lib/cards-api.ts": {"path":"/Users/styrbjorn/Sites/favro-cli/src/lib/cards-api.ts","statementMap":{"0":{"start":{"line":42,"column":22},"end":{"line":42,"column":45}},"1":{"start":{"line":52,"column":17},"end":{"line":52,"column":64}},"2":{"start":{"line":53,"column":29},"end":{"line":53,"column":31}},"3":{"start":{"line":54,"column":15},"end":{"line":54,"column":16}},"4":{"start":{"line":55,"column":21},"end":{"line":55,"column":22}},"5":{"start":{"line":58,"column":4},"end":{"line":86,"column":5}},"6":{"start":{"line":59,"column":46},"end":{"line":61,"column":8}},"7":{"start":{"line":64,"column":6},"end":{"line":67,"column":7}},"8":{"start":{"line":65,"column":8},"end":{"line":65,"column":37}},"9":{"start":{"line":66,"column":8},"end":{"line":66,"column":27}},"10":{"start":{"line":69,"column":23},"end":{"line":69,"column":87}},"11":{"start":{"line":71,"column":23},"end":{"line":71,"column":46}},"12":{"start":{"line":72,"column":6},"end":{"line":72,"column":33}},"13":{"start":{"line":75,"column":6},"end":{"line":82,"column":7}},"14":{"start":{"line":76,"column":8},"end":{"line":76,"column":39}},"15":{"start":{"line":77,"column":8},"end":{"line":77,"column":41}},"16":{"start":{"line":78,"column":8},"end":{"line":78,"column":40}},"17":{"start":{"line":81,"column":8},"end":{"line":81,"column":14}},"18":{"start":{"line":85,"column":6},"end":{"line":85,"column":39}},"19":{"start":{"line":85,"column":33},"end":{"line":85,"column":39}},"20":{"start":{"line":88,"column":4},"end":{"line":88,"column":36}},"21":{"start":{"line":92,"column":4},"end":{"line":92,"column":53}},"22":{"start":{"line":96,"column":4},"end":{"line":96,"column":50}},"23":{"start":{"line":100,"column":21},"end":{"line":100,"column":88}},"24":{"start":{"line":101,"column":4},"end":{"line":101,"column":32}},"25":{"start":{"line":105,"column":4},"end":{"line":105,"column":61}},"26":{"start":{"line":109,"column":4},"end":{"line":109,"column":49}},"27":{"start":{"line":113,"column":21},"end":{"line":115,"column":6}},"28":{"start":{"line":116,"column":4},"end":{"line":116,"column":35}},"29":{"start":{"line":41,"column":0},"end":{"line":41,"column":13}},"30":{"start":{"line":120,"column":0},"end":{"line":120,"column":24}}},"fnMap":{"0":{"name":"(anonymous_0)","decl":{"start":{"line":42,"column":2},"end":{"line":42,"column":22}},"loc":{"start":{"line":42,"column":45},"end":{"line":42,"column":49}}},"1":{"name":"(anonymous_1)","decl":{"start":{"line":51,"column":2},"end":{"line":51,"column":7}},"loc":{"start":{"line":51,"column":54},"end":{"line":89,"column":3}}},"2":{"name":"(anonymous_2)","decl":{"start":{"line":91,"column":2},"end":{"line":91,"column":7}},"loc":{"start":{"line":91,"column":30},"end":{"line":93,"column":3}}},"3":{"name":"(anonymous_3)","decl":{"start":{"line":95,"column":2},"end":{"line":95,"column":7}},"loc":{"start":{"line":95,"column":42},"end":{"line":97,"column":3}}},"4":{"name":"(anonymous_4)","decl":{"start":{"line":99,"column":2},"end":{"line":99,"column":7}},"loc":{"start":{"line":99,"column":46},"end":{"line":102,"column":3}}},"5":{"name":"(anonymous_5)","decl":{"start":{"line":104,"column":2},"end":{"line":104,"column":7}},"loc":{"start":{"line":104,"column":58},"end":{"line":106,"column":3}}},"6":{"name":"(anonymous_6)","decl":{"start":{"line":108,"column":2},"end":{"line":108,"column":7}},"loc":{"start":{"line":108,"column":33},"end":{"line":110,"column":3}}},"7":{"name":"(anonymous_7)","decl":{"start":{"line":112,"column":2},"end":{"line":112,"column":7}},"loc":{"start":{"line":112,"column":53},"end":{"line":117,"column":3}}}},"branchMap":{"0":{"loc":{"start":{"line":51,"column":36},"end":{"line":51,"column":54}},"type":"default-arg","locations":[{"start":{"line":51,"column":52},"end":{"line":51,"column":54}}]},"1":{"loc":{"start":{"line":52,"column":17},"end":{"line":52,"column":64}},"type":"cond-expr","locations":[{"start":{"line":52,"column":27},"end":{"line":52,"column":53}},{"start":{"line":52,"column":56},"end":{"line":52,"column":64}}]},"2":{"loc":{"start":{"line":58,"column":11},"end":{"line":58,"column":55}},"type":"binary-expr","locations":[{"start":{"line":58,"column":11},"end":{"line":58,"column":34}},{"start":{"line":58,"column":38},"end":{"line":58,"column":55}}]},"3":{"loc":{"start":{"line":64,"column":6},"end":{"line":67,"column":7}},"type":"if","locations":[{"start":{"line":64,"column":6},"end":{"line":67,"column":7}}]},"4":{"loc":{"start":{"line":71,"column":23},"end":{"line":71,"column":46}},"type":"binary-expr","locations":[{"start":{"line":71,"column":23},"end":{"line":71,"column":40}},{"start":{"line":71,"column":44},"end":{"line":71,"column":46}}]},"5":{"loc":{"start":{"line":75,"column":6},"end":{"line":82,"column":7}},"type":"if","locations":[{"start":{"line":75,"column":6},"end":{"line":82,"column":7}},{"start":{"line":79,"column":13},"end":{"line":82,"column":7}}]},"6":{"loc":{"start":{"line":77,"column":21},"end":{"line":77,"column":40}},"type":"binary-expr","locations":[{"start":{"line":77,"column":21},"end":{"line":77,"column":35}},{"start":{"line":77,"column":39},"end":{"line":77,"column":40}}]},"7":{"loc":{"start":{"line":78,"column":16},"end":{"line":78,"column":34}},"type":"binary-expr","locations":[{"start":{"line":78,"column":16},"end":{"line":78,"column":29}},{"start":{"line":78,"column":33},"end":{"line":78,"column":34}}]},"8":{"loc":{"start":{"line":85,"column":6},"end":{"line":85,"column":39}},"type":"if","locations":[{"start":{"line":85,"column":6},"end":{"line":85,"column":39}}]},"9":{"loc":{"start":{"line":101,"column":11},"end":{"line":101,"column":31}},"type":"binary-expr","locations":[{"start":{"line":101,"column":11},"end":{"line":101,"column":25}},{"start":{"line":101,"column":29},"end":{"line":101,"column":31}}]},"10":{"loc":{"start":{"line":112,"column":35},"end":{"line":112,"column":53}},"type":"default-arg","locations":[{"start":{"line":112,"column":51},"end":{"line":112,"column":53}}]},"11":{"loc":{"start":{"line":116,"column":11},"end":{"line":116,"column":34}},"type":"binary-expr","locations":[{"start":{"line":116,"column":11},"end":{"line":116,"column":28}},{"start":{"line":116,"column":32},"end":{"line":116,"column":34}}]}},"s":{"0":24,"1":7,"2":7,"3":7,"4":7,"5":7,"6":7,"7":7,"8":0,"9":0,"10":7,"11":6,"12":6,"13":6,"14":0,"15":0,"16":0,"17":6,"18":0,"19":0,"20":6,"21":2,"22":3,"23":4,"24":3,"25":3,"26":2,"27":3,"28":3,"29":4,"30":4},"f":{"0":24,"1":7,"2":2,"3":3,"4":4,"5":3,"6":2,"7":3},"b":{"0":[5],"1":[6,1],"2":[7,7],"3":[0],"4":[6,1],"5":[0,6],"6":[0,0],"7":[0,0],"8":[0],"9":[3,1],"10":[2],"11":[3,0]}}
,"/Users/styrbjorn/Sites/favro-cli/src/lib/http-client.ts": {"path":"/Users/styrbjorn/Sites/favro-cli/src/lib/http-client.ts","statementMap":{"0":{"start":{"line":1,"column":0},"end":{"line":1,"column":57}},"1":{"start":{"line":12,"column":4},"end":{"line":12,"column":28}},"2":{"start":{"line":13,"column":4},"end":{"line":17,"column":7}},"3":{"start":{"line":19,"column":4},"end":{"line":22,"column":7}},"4":{"start":{"line":20,"column":6},"end":{"line":20,"column":87}},"5":{"start":{"line":20,"column":28},"end":{"line":20,"column":87}},"6":{"start":{"line":21,"column":6},"end":{"line":21,"column":17}},"7":{"start":{"line":24,"column":4},"end":{"line":34,"column":6}},"8":{"start":{"line":25,"column":20},"end":{"line":25,"column":28}},"9":{"start":{"line":27,"column":8},"end":{"line":31,"column":9}},"10":{"start":{"line":28,"column":10},"end":{"line":28,"column":41}},"11":{"start":{"line":29,"column":10},"end":{"line":29,"column":66}},"12":{"start":{"line":29,"column":39},"end":{"line":29,"column":64}},"13":{"start":{"line":30,"column":10},"end":{"line":30,"column":52}},"14":{"start":{"line":32,"column":8},"end":{"line":32,"column":37}},"15":{"start":{"line":38,"column":19},"end":{"line":38,"column":41}},"16":{"start":{"line":39,"column":4},"end":{"line":39,"column":74}},"17":{"start":{"line":43,"column":4},"end":{"line":43,"column":37}},"18":{"start":{"line":47,"column":4},"end":{"line":47,"column":39}},"19":{"start":{"line":47,"column":16},"end":{"line":47,"column":39}},"20":{"start":{"line":51,"column":4},"end":{"line":51,"column":56}},"21":{"start":{"line":55,"column":4},"end":{"line":55,"column":63}},"22":{"start":{"line":59,"column":4},"end":{"line":59,"column":64}},"23":{"start":{"line":63,"column":4},"end":{"line":63,"column":59}},"24":{"start":{"line":66,"column":36},"end":{"line":66,"column":53}},"25":{"start":{"line":67,"column":31},"end":{"line":67,"column":50}},"26":{"start":{"line":7,"column":0},"end":{"line":7,"column":13}},"27":{"start":{"line":70,"column":0},"end":{"line":70,"column":31}}},"fnMap":{"0":{"name":"(anonymous_1)","decl":{"start":{"line":11,"column":2},"end":{"line":11,"column":14}},"loc":{"start":{"line":11,"column":66},"end":{"line":35,"column":3}}},"1":{"name":"(anonymous_2)","decl":{"start":{"line":19,"column":41},"end":{"line":19,"column":42}},"loc":{"start":{"line":19,"column":49},"end":{"line":22,"column":5}}},"2":{"name":"(anonymous_3)","decl":{"start":{"line":25,"column":6},"end":{"line":25,"column":7}},"loc":{"start":{"line":25,"column":20},"end":{"line":25,"column":28}}},"3":{"name":"(anonymous_4)","decl":{"start":{"line":26,"column":6},"end":{"line":26,"column":11}},"loc":{"start":{"line":26,"column":34},"end":{"line":33,"column":7}}},"4":{"name":"(anonymous_5)","decl":{"start":{"line":29,"column":28},"end":{"line":29,"column":35}},"loc":{"start":{"line":29,"column":39},"end":{"line":29,"column":64}}},"5":{"name":"(anonymous_6)","decl":{"start":{"line":37,"column":10},"end":{"line":37,"column":21}},"loc":{"start":{"line":37,"column":39},"end":{"line":40,"column":3}}},"6":{"name":"(anonymous_7)","decl":{"start":{"line":42,"column":10},"end":{"line":42,"column":20}},"loc":{"start":{"line":42,"column":32},"end":{"line":44,"column":3}}},"7":{"name":"(anonymous_8)","decl":{"start":{"line":46,"column":10},"end":{"line":46,"column":21}},"loc":{"start":{"line":46,"column":33},"end":{"line":48,"column":3}}},"8":{"name":"(anonymous_9)","decl":{"start":{"line":50,"column":2},"end":{"line":50,"column":7}},"loc":{"start":{"line":50,"column":46},"end":{"line":52,"column":3}}},"9":{"name":"(anonymous_10)","decl":{"start":{"line":54,"column":2},"end":{"line":54,"column":7}},"loc":{"start":{"line":54,"column":59},"end":{"line":56,"column":3}}},"10":{"name":"(anonymous_11)","decl":{"start":{"line":58,"column":2},"end":{"line":58,"column":7}},"loc":{"start":{"line":58,"column":60},"end":{"line":60,"column":3}}},"11":{"name":"(anonymous_12)","decl":{"start":{"line":62,"column":2},"end":{"line":62,"column":7}},"loc":{"start":{"line":62,"column":49},"end":{"line":64,"column":3}}},"12":{"name":"(anonymous_13)","decl":{"start":{"line":66,"column":2},"end":{"line":66,"column":9}},"loc":{"start":{"line":66,"column":26},"end":{"line":66,"column":55}}},"13":{"name":"(anonymous_14)","decl":{"start":{"line":67,"column":2},"end":{"line":67,"column":11}},"loc":{"start":{"line":67,"column":11},"end":{"line":67,"column":52}}}},"branchMap":{"0":{"loc":{"start":{"line":11,"column":14},"end":{"line":11,"column":66}},"type":"default-arg","locations":[{"start":{"line":11,"column":64},"end":{"line":11,"column":66}}]},"1":{"loc":{"start":{"line":14,"column":15},"end":{"line":14,"column":59}},"type":"binary-expr","locations":[{"start":{"line":14,"column":15},"end":{"line":14,"column":29}},{"start":{"line":14,"column":33},"end":{"line":14,"column":59}}]},"2":{"loc":{"start":{"line":20,"column":6},"end":{"line":20,"column":87}},"type":"if","locations":[{"start":{"line":20,"column":6},"end":{"line":20,"column":87}}]},"3":{"loc":{"start":{"line":27,"column":8},"end":{"line":31,"column":9}},"type":"if","locations":[{"start":{"line":27,"column":8},"end":{"line":31,"column":9}}]},"4":{"loc":{"start":{"line":27,"column":12},"end":{"line":27,"column":69}},"type":"binary-expr","locations":[{"start":{"line":27,"column":12},"end":{"line":27,"column":35}},{"start":{"line":27,"column":39},"end":{"line":27,"column":69}}]},"5":{"loc":{"start":{"line":39,"column":11},"end":{"line":39,"column":73}},"type":"binary-expr","locations":[{"start":{"line":39,"column":11},"end":{"line":39,"column":18}},{"start":{"line":39,"column":22},"end":{"line":39,"column":36}},{"start":{"line":39,"column":40},"end":{"line":39,"column":54}},{"start":{"line":39,"column":59},"end":{"line":39,"column":72}}]},"6":{"loc":{"start":{"line":47,"column":4},"end":{"line":47,"column":39}},"type":"if","locations":[{"start":{"line":47,"column":4},"end":{"line":47,"column":39}}]}},"s":{"0":5,"1":34,"2":34,"3":34,"4":4,"5":2,"6":4,"7":34,"8":1,"9":7,"10":4,"11":4,"12":4,"13":4,"14":3,"15":7,"16":7,"17":5,"18":4,"19":4,"20":7,"21":2,"22":1,"23":1,"24":3,"25":1,"26":5,"27":5},"f":{"0":34,"1":4,"2":1,"3":7,"4":4,"5":7,"6":5,"7":4,"8":7,"9":2,"10":1,"11":1,"12":3,"13":1},"b":{"0":[22],"1":[34,33],"2":[2],"3":[4],"4":[7,5],"5":[7,6,5,3],"6":[4]}}
}
