{"/Users/styrbjorn/Sites/favro-cli/src/cli.ts": {"path":"/Users/styrbjorn/Sites/favro-cli/src/cli.ts","statementMap":{"0":{"start":{"line":57,"column":0},"end":{"line":57,"column":16}},"1":{"start":{"line":19,"column":0},"end":{"line":19,"column":36}},"2":{"start":{"line":20,"column":0},"end":{"line":20,"column":29}},"3":{"start":{"line":21,"column":0},"end":{"line":21,"column":62}},"4":{"start":{"line":22,"column":0},"end":{"line":22,"column":48}},"5":{"start":{"line":23,"column":0},"end":{"line":23,"column":85}},"6":{"start":{"line":24,"column":0},"end":{"line":24,"column":69}},"7":{"start":{"line":26,"column":0},"end":{"line":26,"column":54}},"8":{"start":{"line":27,"column":0},"end":{"line":27,"column":67}},"9":{"start":{"line":28,"column":0},"end":{"line":28,"column":65}},"10":{"start":{"line":29,"column":0},"end":{"line":29,"column":71}},"11":{"start":{"line":30,"column":0},"end":{"line":30,"column":71}},"12":{"start":{"line":31,"column":0},"end":{"line":31,"column":71}},"13":{"start":{"line":32,"column":0},"end":{"line":32,"column":56}},"14":{"start":{"line":33,"column":0},"end":{"line":33,"column":67}},"15":{"start":{"line":34,"column":0},"end":{"line":34,"column":56}},"16":{"start":{"line":35,"column":0},"end":{"line":35,"column":62}},"17":{"start":{"line":36,"column":0},"end":{"line":36,"column":73}},"18":{"start":{"line":37,"column":0},"end":{"line":37,"column":77}},"19":{"start":{"line":38,"column":0},"end":{"line":38,"column":75}},"20":{"start":{"line":39,"column":0},"end":{"line":39,"column":81}},"21":{"start":{"line":40,"column":0},"end":{"line":40,"column":81}},"22":{"start":{"line":41,"column":0},"end":{"line":41,"column":63}},"23":{"start":{"line":42,"column":0},"end":{"line":42,"column":66}},"24":{"start":{"line":43,"column":0},"end":{"line":43,"column":72}},"25":{"start":{"line":44,"column":0},"end":{"line":44,"column":60}},"26":{"start":{"line":45,"column":0},"end":{"line":45,"column":62}},"27":{"start":{"line":46,"column":0},"end":{"line":46,"column":62}},"28":{"start":{"line":47,"column":0},"end":{"line":47,"column":62}},"29":{"start":{"line":48,"column":0},"end":{"line":48,"column":67}},"30":{"start":{"line":49,"column":0},"end":{"line":49,"column":45}},"31":{"start":{"line":50,"column":0},"end":{"line":50,"column":45}},"32":{"start":{"line":59,"column":16},"end":{"line":59,"column":29}},"33":{"start":{"line":61,"column":0},"end":{"line":76,"column":55}},"34":{"start":{"line":79,"column":0},"end":{"line":79,"column":29}},"35":{"start":{"line":82,"column":18},"end":{"line":82,"column":75}},"36":{"start":{"line":85,"column":0},"end":{"line":85,"column":37}},"37":{"start":{"line":88,"column":0},"end":{"line":88,"column":36}},"38":{"start":{"line":91,"column":0},"end":{"line":91,"column":39}},"39":{"start":{"line":94,"column":0},"end":{"line":94,"column":39}},"40":{"start":{"line":97,"column":0},"end":{"line":97,"column":37}},"41":{"start":{"line":100,"column":0},"end":{"line":100,"column":30}},"42":{"start":{"line":101,"column":0},"end":{"line":101,"column":35}},"43":{"start":{"line":102,"column":0},"end":{"line":102,"column":30}},"44":{"start":{"line":105,"column":0},"end":{"line":105,"column":30}},"45":{"start":{"line":108,"column":0},"end":{"line":108,"column":35}},"46":{"start":{"line":111,"column":23},"end":{"line":111,"column":90}},"47":{"start":{"line":112,"column":0},"end":{"line":112,"column":47}},"48":{"start":{"line":113,"column":0},"end":{"line":113,"column":46}},"49":{"start":{"line":114,"column":0},"end":{"line":114,"column":49}},"50":{"start":{"line":115,"column":0},"end":{"line":115,"column":49}},"51":{"start":{"line":118,"column":14},"end":{"line":136,"column":null}},"52":{"start":{"line":140,"column":0},"end":{"line":140,"column":31}},"53":{"start":{"line":143,"column":0},"end":{"line":222,"column":5}},"54":{"start":{"line":166,"column":18},"end":{"line":166,"column":39}},"55":{"start":{"line":167,"column":4},"end":{"line":170,"column":5}},"56":{"start":{"line":168,"column":6},"end":{"line":168,"column":54}},"57":{"start":{"line":169,"column":6},"end":{"line":169,"column":22}},"58":{"start":{"line":171,"column":4},"end":{"line":221,"column":5}},"59":{"start":{"line":172,"column":21},"end":{"line":172,"column":61}},"60":{"start":{"line":173,"column":18},"end":{"line":173,"column":38}},"61":{"start":{"line":176,"column":31},"end":{"line":176,"column":55}},"62":{"start":{"line":178,"column":6},"end":{"line":181,"column":7}},"63":{"start":{"line":179,"column":8},"end":{"line":179,"column":102}},"64":{"start":{"line":180,"column":8},"end":{"line":180,"column":24}},"65":{"start":{"line":183,"column":26},"end":{"line":183,"column":53}},"66":{"start":{"line":185,"column":20},"end":{"line":185,"column":95}},"67":{"start":{"line":186,"column":21},"end":{"line":186,"column":81}},"68":{"start":{"line":188,"column":6},"end":{"line":190,"column":7}},"69":{"start":{"line":189,"column":8},"end":{"line":189,"column":98}},"70":{"start":{"line":189,"column":40},"end":{"line":189,"column":96}},"71":{"start":{"line":191,"column":6},"end":{"line":195,"column":7}},"72":{"start":{"line":192,"column":8},"end":{"line":194,"column":11}},"73":{"start":{"line":192,"column":40},"end":{"line":193,"column":null}},"74":{"start":{"line":193,"column":15},"end":{"line":193,"column":71}},"75":{"start":{"line":196,"column":6},"end":{"line":200,"column":7}},"76":{"start":{"line":197,"column":8},"end":{"line":199,"column":11}},"77":{"start":{"line":197,"column":40},"end":{"line":198,"column":null}},"78":{"start":{"line":198,"column":15},"end":{"line":198,"column":66}},"79":{"start":{"line":202,"column":6},"end":{"line":217,"column":7}},"80":{"start":{"line":203,"column":8},"end":{"line":203,"column":55}},"81":{"start":{"line":205,"column":8},"end":{"line":205,"column":57}},"82":{"start":{"line":206,"column":8},"end":{"line":216,"column":9}},"83":{"start":{"line":207,"column":23},"end":{"line":214,"column":13}},"84":{"start":{"line":207,"column":45},"end":{"line":214,"column":12}},"85":{"start":{"line":215,"column":10},"end":{"line":215,"column":30}},"86":{"start":{"line":219,"column":6},"end":{"line":219,"column":46}},"87":{"start":{"line":220,"column":6},"end":{"line":220,"column":22}},"88":{"start":{"line":225,"column":0},"end":{"line":225,"column":33}},"89":{"start":{"line":232,"column":16},"end":{"line":232,"column":75}},"90":{"start":{"line":232,"column":55},"end":{"line":232,"column":74}},"91":{"start":{"line":233,"column":2},"end":{"line":233,"column":34}},"92":{"start":{"line":233,"column":24},"end":{"line":233,"column":34}},"93":{"start":{"line":234,"column":18},"end":{"line":234,"column":78}},"94":{"start":{"line":234,"column":47},"end":{"line":234,"column":77}},"95":{"start":{"line":235,"column":2},"end":{"line":240,"column":5}},"96":{"start":{"line":236,"column":19},"end":{"line":236,"column":75}},"97":{"start":{"line":236,"column":44},"end":{"line":236,"column":74}},"98":{"start":{"line":237,"column":40},"end":{"line":237,"column":42}},"99":{"start":{"line":238,"column":4},"end":{"line":238,"column":61}},"100":{"start":{"line":238,"column":32},"end":{"line":238,"column":57}},"101":{"start":{"line":239,"column":4},"end":{"line":239,"column":15}},"102":{"start":{"line":244,"column":0},"end":{"line":354,"column":5}},"103":{"start":{"line":269,"column":18},"end":{"line":269,"column":39}},"104":{"start":{"line":270,"column":4},"end":{"line":273,"column":5}},"105":{"start":{"line":271,"column":6},"end":{"line":271,"column":54}},"106":{"start":{"line":272,"column":6},"end":{"line":272,"column":22}},"107":{"start":{"line":274,"column":4},"end":{"line":277,"column":5}},"108":{"start":{"line":275,"column":6},"end":{"line":275,"column":82}},"109":{"start":{"line":276,"column":6},"end":{"line":276,"column":22}},"110":{"start":{"line":278,"column":4},"end":{"line":353,"column":5}},"111":{"start":{"line":279,"column":17},"end":{"line":279,"column":44}},"112":{"start":{"line":282,"column":6},"end":{"line":311,"column":7}},"113":{"start":{"line":283,"column":24},"end":{"line":283,"column":63}},"114":{"start":{"line":284,"column":21},"end":{"line":284,"column":38}},"115":{"start":{"line":285,"column":8},"end":{"line":288,"column":9}},"116":{"start":{"line":286,"column":10},"end":{"line":286,"column":72}},"117":{"start":{"line":287,"column":10},"end":{"line":287,"column":26}},"118":{"start":{"line":289,"column":22},"end":{"line":294,"column":31}},"119":{"start":{"line":289,"column":39},"end":{"line":294,"column":10}},"120":{"start":{"line":294,"column":24},"end":{"line":294,"column":30}},"121":{"start":{"line":296,"column":8},"end":{"line":300,"column":9}},"122":{"start":{"line":297,"column":10},"end":{"line":297,"column":80}},"123":{"start":{"line":298,"column":10},"end":{"line":298,"column":59}},"124":{"start":{"line":298,"column":29},"end":{"line":298,"column":57}},"125":{"start":{"line":299,"column":10},"end":{"line":299,"column":17}},"126":{"start":{"line":302,"column":23},"end":{"line":302,"column":63}},"127":{"start":{"line":303,"column":20},"end":{"line":303,"column":40}},"128":{"start":{"line":304,"column":25},"end":{"line":304,"column":72}},"129":{"start":{"line":305,"column":8},"end":{"line":305,"column":27}},"130":{"start":{"line":306,"column":29},"end":{"line":306,"column":57}},"131":{"start":{"line":307,"column":8},"end":{"line":307,"column":45}},"132":{"start":{"line":308,"column":8},"end":{"line":308,"column":71}},"133":{"start":{"line":309,"column":8},"end":{"line":309,"column":77}},"134":{"start":{"line":309,"column":26},"end":{"line":309,"column":77}},"135":{"start":{"line":310,"column":8},"end":{"line":310,"column":15}},"136":{"start":{"line":314,"column":6},"end":{"line":331,"column":7}},"137":{"start":{"line":315,"column":21},"end":{"line":315,"column":73}},"138":{"start":{"line":316,"column":8},"end":{"line":320,"column":9}},"139":{"start":{"line":317,"column":24},"end":{"line":317,"column":61}},"140":{"start":{"line":318,"column":10},"end":{"line":318,"column":78}},"141":{"start":{"line":319,"column":10},"end":{"line":319,"column":17}},"142":{"start":{"line":321,"column":23},"end":{"line":321,"column":63}},"143":{"start":{"line":322,"column":20},"end":{"line":322,"column":40}},"144":{"start":{"line":323,"column":22},"end":{"line":323,"column":59}},"145":{"start":{"line":324,"column":25},"end":{"line":324,"column":65}},"146":{"start":{"line":325,"column":8},"end":{"line":325,"column":27}},"147":{"start":{"line":326,"column":29},"end":{"line":326,"column":56}},"148":{"start":{"line":327,"column":8},"end":{"line":327,"column":45}},"149":{"start":{"line":328,"column":8},"end":{"line":328,"column":62}},"150":{"start":{"line":329,"column":8},"end":{"line":329,"column":68}},"151":{"start":{"line":329,"column":26},"end":{"line":329,"column":68}},"152":{"start":{"line":330,"column":8},"end":{"line":330,"column":15}},"153":{"start":{"line":334,"column":6},"end":{"line":337,"column":7}},"154":{"start":{"line":335,"column":8},"end":{"line":335,"column":89}},"155":{"start":{"line":336,"column":8},"end":{"line":336,"column":15}},"156":{"start":{"line":339,"column":21},"end":{"line":339,"column":61}},"157":{"start":{"line":340,"column":18},"end":{"line":340,"column":38}},"158":{"start":{"line":341,"column":19},"end":{"line":347,"column":8}},"159":{"start":{"line":348,"column":6},"end":{"line":348,"column":52}},"160":{"start":{"line":349,"column":6},"end":{"line":349,"column":58}},"161":{"start":{"line":349,"column":24},"end":{"line":349,"column":58}},"162":{"start":{"line":351,"column":6},"end":{"line":351,"column":46}},"163":{"start":{"line":352,"column":6},"end":{"line":352,"column":22}},"164":{"start":{"line":357,"column":0},"end":{"line":404,"column":5}},"165":{"start":{"line":377,"column":18},"end":{"line":377,"column":39}},"166":{"start":{"line":378,"column":4},"end":{"line":381,"column":5}},"167":{"start":{"line":379,"column":6},"end":{"line":379,"column":54}},"168":{"start":{"line":380,"column":6},"end":{"line":380,"column":22}},"169":{"start":{"line":382,"column":4},"end":{"line":403,"column":5}},"170":{"start":{"line":383,"column":44},"end":{"line":383,"column":46}},"171":{"start":{"line":384,"column":6},"end":{"line":384,"column":55}},"172":{"start":{"line":384,"column":24},"end":{"line":384,"column":55}},"173":{"start":{"line":385,"column":6},"end":{"line":385,"column":76}},"174":{"start":{"line":385,"column":31},"end":{"line":385,"column":76}},"175":{"start":{"line":386,"column":6},"end":{"line":386,"column":61}},"176":{"start":{"line":386,"column":26},"end":{"line":386,"column":61}},"177":{"start":{"line":387,"column":6},"end":{"line":387,"column":81}},"178":{"start":{"line":387,"column":29},"end":{"line":387,"column":81}},"179":{"start":{"line":388,"column":6},"end":{"line":388,"column":66}},"180":{"start":{"line":388,"column":24},"end":{"line":388,"column":66}},"181":{"start":{"line":390,"column":6},"end":{"line":393,"column":7}},"182":{"start":{"line":391,"column":8},"end":{"line":391,"column":95}},"183":{"start":{"line":392,"column":8},"end":{"line":392,"column":15}},"184":{"start":{"line":395,"column":21},"end":{"line":395,"column":61}},"185":{"start":{"line":396,"column":18},"end":{"line":396,"column":38}},"186":{"start":{"line":397,"column":19},"end":{"line":397,"column":59}},"187":{"start":{"line":398,"column":6},"end":{"line":398,"column":52}},"188":{"start":{"line":399,"column":6},"end":{"line":399,"column":58}},"189":{"start":{"line":399,"column":24},"end":{"line":399,"column":58}},"190":{"start":{"line":401,"column":6},"end":{"line":401,"column":46}},"191":{"start":{"line":402,"column":6},"end":{"line":402,"column":22}},"192":{"start":{"line":407,"column":0},"end":{"line":501,"column":5}},"193":{"start":{"line":428,"column":37},"end":{"line":428,"column":55}},"194":{"start":{"line":433,"column":18},"end":{"line":433,"column":39}},"195":{"start":{"line":434,"column":4},"end":{"line":437,"column":5}},"196":{"start":{"line":435,"column":6},"end":{"line":435,"column":54}},"197":{"start":{"line":436,"column":6},"end":{"line":436,"column":22}},"198":{"start":{"line":439,"column":19},"end":{"line":439,"column":75}},"199":{"start":{"line":440,"column":4},"end":{"line":443,"column":5}},"200":{"start":{"line":441,"column":6},"end":{"line":441,"column":100}},"201":{"start":{"line":442,"column":6},"end":{"line":442,"column":22}},"202":{"start":{"line":445,"column":4},"end":{"line":452,"column":5}},"203":{"start":{"line":446,"column":23},"end":{"line":446,"column":48}},"204":{"start":{"line":447,"column":18},"end":{"line":447,"column":31}},"205":{"start":{"line":448,"column":6},"end":{"line":451,"column":7}},"206":{"start":{"line":449,"column":8},"end":{"line":449,"column":93}},"207":{"start":{"line":450,"column":8},"end":{"line":450,"column":24}},"208":{"start":{"line":454,"column":24},"end":{"line":454,"column":62}},"209":{"start":{"line":455,"column":18},"end":{"line":455,"column":79}},"210":{"start":{"line":457,"column":4},"end":{"line":500,"column":5}},"211":{"start":{"line":458,"column":21},"end":{"line":458,"column":61}},"212":{"start":{"line":459,"column":18},"end":{"line":459,"column":38}},"213":{"start":{"line":461,"column":22},"end":{"line":461,"column":84}},"214":{"start":{"line":461,"column":27},"end":{"line":461,"column":57}},"215":{"start":{"line":462,"column":6},"end":{"line":462,"column":22}},"216":{"start":{"line":463,"column":21},"end":{"line":463,"column":54}},"217":{"start":{"line":464,"column":6},"end":{"line":464,"column":21}},"218":{"start":{"line":466,"column":32},"end":{"line":466,"column":52}},"219":{"start":{"line":467,"column":6},"end":{"line":471,"column":7}},"220":{"start":{"line":468,"column":23},"end":{"line":468,"column":38}},"221":{"start":{"line":469,"column":8},"end":{"line":469,"column":51}},"222":{"start":{"line":470,"column":8},"end":{"line":470,"column":83}},"223":{"start":{"line":473,"column":6},"end":{"line":476,"column":7}},"224":{"start":{"line":474,"column":8},"end":{"line":474,"column":75}},"225":{"start":{"line":475,"column":8},"end":{"line":475,"column":24}},"226":{"start":{"line":478,"column":6},"end":{"line":496,"column":7}},"227":{"start":{"line":479,"column":25},"end":{"line":479,"column":76}},"228":{"start":{"line":480,"column":8},"end":{"line":480,"column":27}},"229":{"start":{"line":481,"column":8},"end":{"line":485,"column":9}},"230":{"start":{"line":482,"column":10},"end":{"line":482,"column":53}},"231":{"start":{"line":484,"column":10},"end":{"line":484,"column":54}},"232":{"start":{"line":486,"column":8},"end":{"line":486,"column":41}},"233":{"start":{"line":487,"column":8},"end":{"line":487,"column":107}},"234":{"start":{"line":489,"column":27},"end":{"line":489,"column":54}},"235":{"start":{"line":490,"column":8},"end":{"line":494,"column":9}},"236":{"start":{"line":491,"column":10},"end":{"line":491,"column":55}},"237":{"start":{"line":493,"column":10},"end":{"line":493,"column":75}},"238":{"start":{"line":495,"column":8},"end":{"line":495,"column":99}},"239":{"start":{"line":498,"column":6},"end":{"line":498,"column":46}},"240":{"start":{"line":499,"column":6},"end":{"line":499,"column":22}},"241":{"start":{"line":504,"column":2},"end":{"line":504,"column":34}},"242":{"start":{"line":507,"column":2},"end":{"line":507,"column":35}},"243":{"start":{"line":510,"column":2},"end":{"line":510,"column":35}},"244":{"start":{"line":513,"column":2},"end":{"line":513,"column":35}},"245":{"start":{"line":516,"column":2},"end":{"line":516,"column":40}},"246":{"start":{"line":518,"column":2},"end":{"line":518,"column":17}},"247":{"start":{"line":522,"column":0},"end":{"line":528,"column":1}},"248":{"start":{"line":523,"column":15},"end":{"line":523,"column":29}},"249":{"start":{"line":524,"column":2},"end":{"line":527,"column":5}},"250":{"start":{"line":525,"column":4},"end":{"line":525,"column":39}},"251":{"start":{"line":526,"column":4},"end":{"line":526,"column":20}}},"fnMap":{"0":{"name":"buildProgram","decl":{"start":{"line":57,"column":16},"end":{"line":57,"column":28}},"loc":{"start":{"line":57,"column":28},"end":{"line":519,"column":1}}},"1":{"name":"(anonymous_11)","decl":{"start":{"line":165,"column":10},"end":{"line":165,"column":15}},"loc":{"start":{"line":165,"column":57},"end":{"line":222,"column":3}}},"2":{"name":"(anonymous_12)","decl":{"start":{"line":189,"column":35},"end":{"line":189,"column":36}},"loc":{"start":{"line":189,"column":40},"end":{"line":189,"column":96}}},"3":{"name":"(anonymous_13)","decl":{"start":{"line":192,"column":35},"end":{"line":192,"column":36}},"loc":{"start":{"line":192,"column":40},"end":{"line":193,"column":null}}},"4":{"name":"(anonymous_14)","decl":{"start":{"line":193,"column":10},"end":{"line":193,"column":11}},"loc":{"start":{"line":193,"column":15},"end":{"line":193,"column":71}}},"5":{"name":"(anonymous_15)","decl":{"start":{"line":197,"column":35},"end":{"line":197,"column":36}},"loc":{"start":{"line":197,"column":40},"end":{"line":198,"column":null}}},"6":{"name":"(anonymous_16)","decl":{"start":{"line":198,"column":10},"end":{"line":198,"column":11}},"loc":{"start":{"line":198,"column":15},"end":{"line":198,"column":66}}},"7":{"name":"(anonymous_17)","decl":{"start":{"line":207,"column":36},"end":{"line":207,"column":40}},"loc":{"start":{"line":207,"column":45},"end":{"line":214,"column":12}}},"8":{"name":"parseCSV","decl":{"start":{"line":231,"column":9},"end":{"line":231,"column":17}},"loc":{"start":{"line":231,"column":33},"end":{"line":241,"column":1}}},"9":{"name":"(anonymous_19)","decl":{"start":{"line":232,"column":50},"end":{"line":232,"column":51}},"loc":{"start":{"line":232,"column":55},"end":{"line":232,"column":74}}},"10":{"name":"(anonymous_20)","decl":{"start":{"line":234,"column":42},"end":{"line":234,"column":43}},"loc":{"start":{"line":234,"column":47},"end":{"line":234,"column":77}}},"11":{"name":"(anonymous_21)","decl":{"start":{"line":235,"column":28},"end":{"line":235,"column":32}},"loc":{"start":{"line":235,"column":35},"end":{"line":240,"column":3}}},"12":{"name":"(anonymous_22)","decl":{"start":{"line":236,"column":39},"end":{"line":236,"column":40}},"loc":{"start":{"line":236,"column":44},"end":{"line":236,"column":74}}},"13":{"name":"(anonymous_23)","decl":{"start":{"line":238,"column":20},"end":{"line":238,"column":21}},"loc":{"start":{"line":238,"column":29},"end":{"line":238,"column":59}}},"14":{"name":"(anonymous_24)","decl":{"start":{"line":268,"column":10},"end":{"line":268,"column":15}},"loc":{"start":{"line":268,"column":55},"end":{"line":354,"column":3}}},"15":{"name":"(anonymous_25)","decl":{"start":{"line":279,"column":17},"end":{"line":279,"column":30}},"loc":{"start":{"line":279,"column":17},"end":{"line":279,"column":44}}},"16":{"name":"(anonymous_26)","decl":{"start":{"line":289,"column":31},"end":{"line":289,"column":34}},"loc":{"start":{"line":289,"column":39},"end":{"line":294,"column":10}}},"17":{"name":"(anonymous_27)","decl":{"start":{"line":294,"column":19},"end":{"line":294,"column":20}},"loc":{"start":{"line":294,"column":24},"end":{"line":294,"column":30}}},"18":{"name":"(anonymous_28)","decl":{"start":{"line":298,"column":24},"end":{"line":298,"column":25}},"loc":{"start":{"line":298,"column":29},"end":{"line":298,"column":57}}},"19":{"name":"(anonymous_29)","decl":{"start":{"line":376,"column":10},"end":{"line":376,"column":15}},"loc":{"start":{"line":376,"column":44},"end":{"line":404,"column":3}}},"20":{"name":"(anonymous_30)","decl":{"start":{"line":428,"column":4},"end":{"line":428,"column":5}},"loc":{"start":{"line":428,"column":37},"end":{"line":428,"column":55}}},"21":{"name":"(anonymous_31)","decl":{"start":{"line":432,"column":10},"end":{"line":432,"column":15}},"loc":{"start":{"line":432,"column":43},"end":{"line":501,"column":3}}},"22":{"name":"(anonymous_32)","decl":{"start":{"line":461,"column":27},"end":{"line":461,"column":40}},"loc":{"start":{"line":461,"column":27},"end":{"line":461,"column":57}}},"23":{"name":"(anonymous_33)","decl":{"start":{"line":524,"column":38},"end":{"line":524,"column":39}},"loc":{"start":{"line":524,"column":46},"end":{"line":527,"column":3}}}},"branchMap":{"0":{"loc":{"start":{"line":167,"column":4},"end":{"line":170,"column":5}},"type":"if","locations":[{"start":{"line":167,"column":4},"end":{"line":170,"column":5}}]},"1":{"loc":{"start":{"line":176,"column":31},"end":{"line":176,"column":55}},"type":"binary-expr","locations":[{"start":{"line":176,"column":31},"end":{"line":176,"column":38}},{"start":{"line":176,"column":42},"end":{"line":176,"column":55}}]},"2":{"loc":{"start":{"line":178,"column":6},"end":{"line":181,"column":7}},"type":"if","locations":[{"start":{"line":178,"column":6},"end":{"line":181,"column":7}}]},"3":{"loc":{"start":{"line":185,"column":20},"end":{"line":185,"column":95}},"type":"cond-expr","locations":[{"start":{"line":185,"column":64},"end":{"line":185,"column":90}},{"start":{"line":185,"column":93},"end":{"line":185,"column":95}}]},"4":{"loc":{"start":{"line":185,"column":21},"end":{"line":185,"column":60}},"type":"binary-expr","locations":[{"start":{"line":185,"column":21},"end":{"line":185,"column":40}},{"start":{"line":185,"column":44},"end":{"line":185,"column":60}}]},"5":{"loc":{"start":{"line":188,"column":6},"end":{"line":190,"column":7}},"type":"if","locations":[{"start":{"line":188,"column":6},"end":{"line":190,"column":7}}]},"6":{"loc":{"start":{"line":191,"column":6},"end":{"line":195,"column":7}},"type":"if","locations":[{"start":{"line":191,"column":6},"end":{"line":195,"column":7}}]},"7":{"loc":{"start":{"line":192,"column":41},"end":{"line":192,"column":58}},"type":"binary-expr","locations":[{"start":{"line":192,"column":41},"end":{"line":192,"column":52}},{"start":{"line":192,"column":56},"end":{"line":192,"column":58}}]},"8":{"loc":{"start":{"line":196,"column":6},"end":{"line":200,"column":7}},"type":"if","locations":[{"start":{"line":196,"column":6},"end":{"line":200,"column":7}}]},"9":{"loc":{"start":{"line":197,"column":41},"end":{"line":197,"column":53}},"type":"binary-expr","locations":[{"start":{"line":197,"column":41},"end":{"line":197,"column":47}},{"start":{"line":197,"column":51},"end":{"line":197,"column":53}}]},"10":{"loc":{"start":{"line":202,"column":6},"end":{"line":217,"column":7}},"type":"if","locations":[{"start":{"line":202,"column":6},"end":{"line":217,"column":7}},{"start":{"line":204,"column":13},"end":{"line":217,"column":7}}]},"11":{"loc":{"start":{"line":206,"column":8},"end":{"line":216,"column":9}},"type":"if","locations":[{"start":{"line":206,"column":8},"end":{"line":216,"column":9}}]},"12":{"loc":{"start":{"line":209,"column":19},"end":{"line":209,"column":109}},"type":"cond-expr","locations":[{"start":{"line":209,"column":51},"end":{"line":209,"column":89}},{"start":{"line":209,"column":93},"end":{"line":209,"column":108}}]},"13":{"loc":{"start":{"line":209,"column":20},"end":{"line":209,"column":35}},"type":"binary-expr","locations":[{"start":{"line":209,"column":20},"end":{"line":209,"column":29}},{"start":{"line":209,"column":33},"end":{"line":209,"column":35}}]},"14":{"loc":{"start":{"line":209,"column":52},"end":{"line":209,"column":67}},"type":"binary-expr","locations":[{"start":{"line":209,"column":52},"end":{"line":209,"column":61}},{"start":{"line":209,"column":65},"end":{"line":209,"column":67}}]},"15":{"loc":{"start":{"line":209,"column":93},"end":{"line":209,"column":108}},"type":"binary-expr","locations":[{"start":{"line":209,"column":93},"end":{"line":209,"column":102}},{"start":{"line":209,"column":106},"end":{"line":209,"column":108}}]},"16":{"loc":{"start":{"line":210,"column":20},"end":{"line":210,"column":38}},"type":"binary-expr","locations":[{"start":{"line":210,"column":20},"end":{"line":210,"column":31}},{"start":{"line":210,"column":35},"end":{"line":210,"column":38}}]},"17":{"loc":{"start":{"line":211,"column":23},"end":{"line":211,"column":63}},"type":"binary-expr","locations":[{"start":{"line":211,"column":23},"end":{"line":211,"column":56}},{"start":{"line":211,"column":60},"end":{"line":211,"column":63}}]},"18":{"loc":{"start":{"line":211,"column":24},"end":{"line":211,"column":44}},"type":"binary-expr","locations":[{"start":{"line":211,"column":24},"end":{"line":211,"column":38}},{"start":{"line":211,"column":42},"end":{"line":211,"column":44}}]},"19":{"loc":{"start":{"line":212,"column":18},"end":{"line":212,"column":53}},"type":"binary-expr","locations":[{"start":{"line":212,"column":18},"end":{"line":212,"column":46}},{"start":{"line":212,"column":50},"end":{"line":212,"column":53}}]},"20":{"loc":{"start":{"line":212,"column":19},"end":{"line":212,"column":34}},"type":"binary-expr","locations":[{"start":{"line":212,"column":19},"end":{"line":212,"column":28}},{"start":{"line":212,"column":32},"end":{"line":212,"column":34}}]},"21":{"loc":{"start":{"line":213,"column":21},"end":{"line":213,"column":71}},"type":"cond-expr","locations":[{"start":{"line":213,"column":38},"end":{"line":213,"column":65}},{"start":{"line":213,"column":68},"end":{"line":213,"column":71}}]},"22":{"loc":{"start":{"line":233,"column":2},"end":{"line":233,"column":34}},"type":"if","locations":[{"start":{"line":233,"column":2},"end":{"line":233,"column":34}}]},"23":{"loc":{"start":{"line":238,"column":41},"end":{"line":238,"column":56}},"type":"binary-expr","locations":[{"start":{"line":238,"column":41},"end":{"line":238,"column":50}},{"start":{"line":238,"column":54},"end":{"line":238,"column":56}}]},"24":{"loc":{"start":{"line":270,"column":4},"end":{"line":273,"column":5}},"type":"if","locations":[{"start":{"line":270,"column":4},"end":{"line":273,"column":5}}]},"25":{"loc":{"start":{"line":274,"column":4},"end":{"line":277,"column":5}},"type":"if","locations":[{"start":{"line":274,"column":4},"end":{"line":277,"column":5}}]},"26":{"loc":{"start":{"line":274,"column":8},"end":{"line":274,"column":47}},"type":"binary-expr","locations":[{"start":{"line":274,"column":8},"end":{"line":274,"column":14}},{"start":{"line":274,"column":18},"end":{"line":274,"column":30}},{"start":{"line":274,"column":34},"end":{"line":274,"column":47}}]},"27":{"loc":{"start":{"line":282,"column":6},"end":{"line":311,"column":7}},"type":"if","locations":[{"start":{"line":282,"column":6},"end":{"line":311,"column":7}}]},"28":{"loc":{"start":{"line":285,"column":8},"end":{"line":288,"column":9}},"type":"if","locations":[{"start":{"line":285,"column":8},"end":{"line":288,"column":9}}]},"29":{"loc":{"start":{"line":290,"column":16},"end":{"line":290,"column":68}},"type":"binary-expr","locations":[{"start":{"line":290,"column":16},"end":{"line":290,"column":24}},{"start":{"line":290,"column":28},"end":{"line":290,"column":37}},{"start":{"line":290,"column":41},"end":{"line":290,"column":49}},{"start":{"line":290,"column":53},"end":{"line":290,"column":62}},{"start":{"line":290,"column":66},"end":{"line":290,"column":68}}]},"30":{"loc":{"start":{"line":291,"column":23},"end":{"line":291,"column":70}},"type":"binary-expr","locations":[{"start":{"line":291,"column":23},"end":{"line":291,"column":38}},{"start":{"line":291,"column":42},"end":{"line":291,"column":57}},{"start":{"line":291,"column":61},"end":{"line":291,"column":70}}]},"31":{"loc":{"start":{"line":292,"column":18},"end":{"line":292,"column":55}},"type":"binary-expr","locations":[{"start":{"line":292,"column":18},"end":{"line":292,"column":28}},{"start":{"line":292,"column":32},"end":{"line":292,"column":42}},{"start":{"line":292,"column":46},"end":{"line":292,"column":55}}]},"32":{"loc":{"start":{"line":296,"column":8},"end":{"line":300,"column":9}},"type":"if","locations":[{"start":{"line":296,"column":8},"end":{"line":300,"column":9}}]},"33":{"loc":{"start":{"line":309,"column":8},"end":{"line":309,"column":77}},"type":"if","locations":[{"start":{"line":309,"column":8},"end":{"line":309,"column":77}}]},"34":{"loc":{"start":{"line":314,"column":6},"end":{"line":331,"column":7}},"type":"if","locations":[{"start":{"line":314,"column":6},"end":{"line":331,"column":7}}]},"35":{"loc":{"start":{"line":316,"column":8},"end":{"line":320,"column":9}},"type":"if","locations":[{"start":{"line":316,"column":8},"end":{"line":320,"column":9}}]},"36":{"loc":{"start":{"line":317,"column":24},"end":{"line":317,"column":61}},"type":"cond-expr","locations":[{"start":{"line":317,"column":46},"end":{"line":317,"column":57}},{"start":{"line":317,"column":60},"end":{"line":317,"column":61}}]},"37":{"loc":{"start":{"line":323,"column":22},"end":{"line":323,"column":59}},"type":"cond-expr","locations":[{"start":{"line":323,"column":44},"end":{"line":323,"column":55}},{"start":{"line":323,"column":58},"end":{"line":323,"column":59}}]},"38":{"loc":{"start":{"line":329,"column":8},"end":{"line":329,"column":68}},"type":"if","locations":[{"start":{"line":329,"column":8},"end":{"line":329,"column":68}}]},"39":{"loc":{"start":{"line":334,"column":6},"end":{"line":337,"column":7}},"type":"if","locations":[{"start":{"line":334,"column":6},"end":{"line":337,"column":7}}]},"40":{"loc":{"start":{"line":342,"column":14},"end":{"line":342,"column":25}},"type":"binary-expr","locations":[{"start":{"line":342,"column":14},"end":{"line":342,"column":19}},{"start":{"line":342,"column":23},"end":{"line":342,"column":25}}]},"41":{"loc":{"start":{"line":346,"column":19},"end":{"line":346,"column":68}},"type":"cond-expr","locations":[{"start":{"line":346,"column":38},"end":{"line":346,"column":56}},{"start":{"line":346,"column":59},"end":{"line":346,"column":68}}]},"42":{"loc":{"start":{"line":349,"column":6},"end":{"line":349,"column":58}},"type":"if","locations":[{"start":{"line":349,"column":6},"end":{"line":349,"column":58}}]},"43":{"loc":{"start":{"line":378,"column":4},"end":{"line":381,"column":5}},"type":"if","locations":[{"start":{"line":378,"column":4},"end":{"line":381,"column":5}}]},"44":{"loc":{"start":{"line":384,"column":6},"end":{"line":384,"column":55}},"type":"if","locations":[{"start":{"line":384,"column":6},"end":{"line":384,"column":55}}]},"45":{"loc":{"start":{"line":385,"column":6},"end":{"line":385,"column":76}},"type":"if","locations":[{"start":{"line":385,"column":6},"end":{"line":385,"column":76}}]},"46":{"loc":{"start":{"line":386,"column":6},"end":{"line":386,"column":61}},"type":"if","locations":[{"start":{"line":386,"column":6},"end":{"line":386,"column":61}}]},"47":{"loc":{"start":{"line":387,"column":6},"end":{"line":387,"column":81}},"type":"if","locations":[{"start":{"line":387,"column":6},"end":{"line":387,"column":81}}]},"48":{"loc":{"start":{"line":388,"column":6},"end":{"line":388,"column":66}},"type":"if","locations":[{"start":{"line":388,"column":6},"end":{"line":388,"column":66}}]},"49":{"loc":{"start":{"line":390,"column":6},"end":{"line":393,"column":7}},"type":"if","locations":[{"start":{"line":390,"column":6},"end":{"line":393,"column":7}}]},"50":{"loc":{"start":{"line":399,"column":6},"end":{"line":399,"column":58}},"type":"if","locations":[{"start":{"line":399,"column":6},"end":{"line":399,"column":58}}]},"51":{"loc":{"start":{"line":434,"column":4},"end":{"line":437,"column":5}},"type":"if","locations":[{"start":{"line":434,"column":4},"end":{"line":437,"column":5}}]},"52":{"loc":{"start":{"line":439,"column":20},"end":{"line":439,"column":44}},"type":"binary-expr","locations":[{"start":{"line":439,"column":20},"end":{"line":439,"column":34}},{"start":{"line":439,"column":38},"end":{"line":439,"column":44}}]},"53":{"loc":{"start":{"line":440,"column":4},"end":{"line":443,"column":5}},"type":"if","locations":[{"start":{"line":440,"column":4},"end":{"line":443,"column":5}}]},"54":{"loc":{"start":{"line":440,"column":8},"end":{"line":440,"column":45}},"type":"binary-expr","locations":[{"start":{"line":440,"column":8},"end":{"line":440,"column":25}},{"start":{"line":440,"column":29},"end":{"line":440,"column":45}}]},"55":{"loc":{"start":{"line":445,"column":4},"end":{"line":452,"column":5}},"type":"if","locations":[{"start":{"line":445,"column":4},"end":{"line":452,"column":5}}]},"56":{"loc":{"start":{"line":448,"column":6},"end":{"line":451,"column":7}},"type":"if","locations":[{"start":{"line":448,"column":6},"end":{"line":451,"column":7}}]},"57":{"loc":{"start":{"line":448,"column":10},"end":{"line":448,"column":66}},"type":"binary-expr","locations":[{"start":{"line":448,"column":10},"end":{"line":448,"column":46}},{"start":{"line":448,"column":50},"end":{"line":448,"column":66}}]},"58":{"loc":{"start":{"line":454,"column":33},"end":{"line":454,"column":57}},"type":"binary-expr","locations":[{"start":{"line":454,"column":33},"end":{"line":454,"column":46}},{"start":{"line":454,"column":50},"end":{"line":454,"column":57}}]},"59":{"loc":{"start":{"line":455,"column":18},"end":{"line":455,"column":79}},"type":"cond-expr","locations":[{"start":{"line":455,"column":60},"end":{"line":455,"column":71}},{"start":{"line":455,"column":74},"end":{"line":455,"column":79}}]},"60":{"loc":{"start":{"line":455,"column":18},"end":{"line":455,"column":57}},"type":"binary-expr","locations":[{"start":{"line":455,"column":18},"end":{"line":455,"column":37}},{"start":{"line":455,"column":41},"end":{"line":455,"column":57}}]},"61":{"loc":{"start":{"line":466,"column":32},"end":{"line":466,"column":52}},"type":"binary-expr","locations":[{"start":{"line":466,"column":32},"end":{"line":466,"column":46}},{"start":{"line":466,"column":50},"end":{"line":466,"column":52}}]},"62":{"loc":{"start":{"line":467,"column":6},"end":{"line":471,"column":7}},"type":"if","locations":[{"start":{"line":467,"column":6},"end":{"line":471,"column":7}}]},"63":{"loc":{"start":{"line":473,"column":6},"end":{"line":476,"column":7}},"type":"if","locations":[{"start":{"line":473,"column":6},"end":{"line":476,"column":7}}]},"64":{"loc":{"start":{"line":478,"column":6},"end":{"line":496,"column":7}},"type":"if","locations":[{"start":{"line":478,"column":6},"end":{"line":496,"column":7}},{"start":{"line":488,"column":13},"end":{"line":496,"column":7}}]},"65":{"loc":{"start":{"line":481,"column":8},"end":{"line":485,"column":9}},"type":"if","locations":[{"start":{"line":481,"column":8},"end":{"line":485,"column":9}},{"start":{"line":483,"column":15},"end":{"line":485,"column":9}}]},"66":{"loc":{"start":{"line":490,"column":8},"end":{"line":494,"column":9}},"type":"if","locations":[{"start":{"line":490,"column":8},"end":{"line":494,"column":9}},{"start":{"line":492,"column":15},"end":{"line":494,"column":9}}]},"67":{"loc":{"start":{"line":522,"column":0},"end":{"line":528,"column":1}},"type":"if","locations":[{"start":{"line":522,"column":0},"end":{"line":528,"column":1}}]}},"s":{"0":1,"1":1,"2":1,"3":1,"4":1,"5":1,"6":1,"7":1,"8":1,"9":1,"10":1,"11":1,"12":1,"13":1,"14":1,"15":1,"16":1,"17":1,"18":1,"19":1,"20":1,"21":1,"22":1,"23":1,"24":1,"25":1,"26":1,"27":1,"28":1,"29":1,"30":1,"31":1,"32":25,"33":25,"34":25,"35":25,"36":25,"37":25,"38":25,"39":25,"40":25,"41":25,"42":25,"43":25,"44":25,"45":25,"46":25,"47":25,"48":25,"49":25,"50":25,"51":25,"52":25,"53":25,"54":5,"55":5,"56":1,"57":1,"58":4,"59":4,"60":4,"61":4,"62":4,"63":0,"64":0,"65":4,"66":4,"67":4,"68":4,"69":0,"70":0,"71":4,"72":0,"73":0,"74":0,"75":4,"76":0,"77":0,"78":0,"79":4,"80":0,"81":4,"82":4,"83":0,"84":0,"85":0,"86":0,"87":0,"88":25,"89":0,"90":0,"91":0,"92":0,"93":0,"94":0,"95":0,"96":0,"97":0,"98":0,"99":0,"100":0,"101":0,"102":25,"103":1,"104":1,"105":1,"106":1,"107":0,"108":0,"109":0,"110":0,"111":0,"112":0,"113":0,"114":0,"115":0,"116":0,"117":0,"118":0,"119":0,"120":0,"121":0,"122":0,"123":0,"124":0,"125":0,"126":0,"127":0,"128":0,"129":0,"130":0,"131":0,"132":0,"133":0,"134":0,"135":0,"136":0,"137":0,"138":0,"139":0,"140":0,"141":0,"142":0,"143":0,"144":0,"145":0,"146":0,"147":0,"148":0,"149":0,"150":0,"151":0,"152":0,"153":0,"154":0,"155":0,"156":0,"157":0,"158":0,"159":0,"160":0,"161":0,"162":0,"163":0,"164":25,"165":1,"166":1,"167":1,"168":1,"169":0,"170":0,"171":0,"172":0,"173":0,"174":0,"175":0,"176":0,"177":0,"178":0,"179":0,"180":0,"181":0,"182":0,"183":0,"184":0,"185":0,"186":0,"187":0,"188":0,"189":0,"190":0,"191":0,"192":25,"193":0,"194":1,"195":1,"196":1,"197":1,"198":0,"199":0,"200":0,"201":0,"202":0,"203":0,"204":0,"205":0,"206":0,"207":0,"208":0,"209":0,"210":0,"211":0,"212":0,"213":0,"214":0,"215":0,"216":0,"217":0,"218":0,"219":0,"220":0,"221":0,"222":0,"223":0,"224":0,"225":0,"226":0,"227":0,"228":0,"229":0,"230":0,"231":0,"232":0,"233":0,"234":0,"235":0,"236":0,"237":0,"238":0,"239":0,"240":0,"241":25,"242":25,"243":25,"244":25,"245":25,"246":25,"247":1,"248":0,"249":0,"250":0,"251":0},"f":{"0":25,"1":5,"2":0,"3":0,"4":0,"5":0,"6":0,"7":0,"8":0,"9":0,"10":0,"11":0,"12":0,"13":0,"14":1,"15":0,"16":0,"17":0,"18":0,"19":1,"20":0,"21":1,"22":0,"23":0},"b":{"0":[1],"1":[4,0],"2":[0],"3":[3,1],"4":[4,4],"5":[0],"6":[0],"7":[0,0],"8":[0],"9":[0,0],"10":[0,4],"11":[0],"12":[0,0],"13":[0,0],"14":[0,0],"15":[0,0],"16":[0,0],"17":[0,0],"18":[0,0],"19":[0,0],"20":[0,0],"21":[0,0],"22":[0],"23":[0,0],"24":[1],"25":[0],"26":[0,0,0],"27":[0],"28":[0],"29":[0,0,0,0,0],"30":[0,0,0],"31":[0,0,0],"32":[0],"33":[0],"34":[0],"35":[0],"36":[0,0],"37":[0,0],"38":[0],"39":[0],"40":[0,0],"41":[0,0],"42":[0],"43":[1],"44":[0],"45":[0],"46":[0],"47":[0],"48":[0],"49":[0],"50":[0],"51":[1],"52":[0,0],"53":[0],"54":[0,0],"55":[0],"56":[0],"57":[0,0],"58":[0,0],"59":[0,0],"60":[0,0],"61":[0,0],"62":[0],"63":[0],"64":[0,0],"65":[0,0],"66":[0,0],"67":[0]}}
,"/Users/styrbjorn/Sites/favro-cli/src/api/activity.ts": {"path":"/Users/styrbjorn/Sites/favro-cli/src/api/activity.ts","statementMap":{"0":{"start":{"line":10,"column":0},"end":{"line":10,"column":9}},"1":{"start":{"line":13,"column":24},"end":{"line":10,"column":21}},"2":{"start":{"line":13,"column":36},"end":{"line":10,"column":63}},"3":{"start":{"line":11,"column":0},"end":{"line":11,"column":40}},"4":{"start":{"line":36,"column":2},"end":{"line":44,"column":4}},"5":{"start":{"line":50,"column":22},"end":{"line":50,"column":45}},"6":{"start":{"line":51,"column":4},"end":{"line":51,"column":41}},"7":{"start":{"line":72,"column":18},"end":{"line":72,"column":62}},"8":{"start":{"line":75,"column":21},"end":{"line":81,"column":13}},"9":{"start":{"line":77,"column":21},"end":{"line":77,"column":47}},"10":{"start":{"line":78,"column":10},"end":{"line":78,"column":32}},"11":{"start":{"line":78,"column":19},"end":{"line":78,"column":32}},"12":{"start":{"line":79,"column":10},"end":{"line":79,"column":39}},"13":{"start":{"line":83,"column":33},"end":{"line":83,"column":35}},"14":{"start":{"line":85,"column":4},"end":{"line":126,"column":5}},"15":{"start":{"line":86,"column":6},"end":{"line":86,"column":46}},"16":{"start":{"line":86,"column":40},"end":{"line":86,"column":46}},"17":{"start":{"line":88,"column":27},"end":{"line":88,"column":70}},"18":{"start":{"line":90,"column":6},"end":{"line":125,"column":7}},"19":{"start":{"line":91,"column":8},"end":{"line":98,"column":9}},"20":{"start":{"line":92,"column":10},"end":{"line":92,"column":67}},"21":{"start":{"line":92,"column":58},"end":{"line":92,"column":67}},"22":{"start":{"line":94,"column":10},"end":{"line":96,"column":11}},"23":{"start":{"line":95,"column":13},"end":{"line":95,"column":48}},"24":{"start":{"line":97,"column":10},"end":{"line":97,"column":26}},"25":{"start":{"line":101,"column":26},"end":{"line":101,"column":58}},"26":{"start":{"line":102,"column":8},"end":{"line":112,"column":9}},"27":{"start":{"line":103,"column":10},"end":{"line":111,"column":13}},"28":{"start":{"line":113,"column":8},"end":{"line":124,"column":9}},"29":{"start":{"line":115,"column":10},"end":{"line":123,"column":13}},"30":{"start":{"line":129,"column":4},"end":{"line":129,"column":90}},"31":{"start":{"line":129,"column":23},"end":{"line":129,"column":88}},"32":{"start":{"line":131,"column":4},"end":{"line":131,"column":45}},"33":{"start":{"line":138,"column":37},"end":{"line":138,"column":39}},"34":{"start":{"line":139,"column":15},"end":{"line":139,"column":16}},"35":{"start":{"line":140,"column":21},"end":{"line":140,"column":22}},"36":{"start":{"line":143,"column":4},"end":{"line":172,"column":5}},"37":{"start":{"line":144,"column":46},"end":{"line":146,"column":8}},"38":{"start":{"line":147,"column":6},"end":{"line":150,"column":7}},"39":{"start":{"line":148,"column":8},"end":{"line":148,"column":37}},"40":{"start":{"line":149,"column":8},"end":{"line":149,"column":27}},"41":{"start":{"line":152,"column":6},"end":{"line":171,"column":7}},"42":{"start":{"line":153,"column":25},"end":{"line":155,"column":null}},"43":{"start":{"line":157,"column":22},"end":{"line":157,"column":82}},"44":{"start":{"line":157,"column":59},"end":{"line":157,"column":81}},"45":{"start":{"line":158,"column":8},"end":{"line":158,"column":31}},"46":{"start":{"line":160,"column":8},"end":{"line":166,"column":9}},"47":{"start":{"line":161,"column":10},"end":{"line":161,"column":41}},"48":{"start":{"line":162,"column":10},"end":{"line":162,"column":43}},"49":{"start":{"line":163,"column":10},"end":{"line":163,"column":20}},"50":{"start":{"line":165,"column":10},"end":{"line":165,"column":16}},"51":{"start":{"line":167,"column":8},"end":{"line":167,"column":38}},"52":{"start":{"line":167,"column":32},"end":{"line":167,"column":38}},"53":{"start":{"line":170,"column":8},"end":{"line":170,"column":14}},"54":{"start":{"line":174,"column":4},"end":{"line":174,"column":35}},"55":{"start":{"line":47,"column":0},"end":{"line":47,"column":13}},"56":{"start":{"line":178,"column":0},"end":{"line":178,"column":33}}},"fnMap":{"0":{"name":"(anonymous_1)","decl":{"start":{"line":13,"column":24},"end":{"line":13,"column":34}},"loc":{"start":{"line":13,"column":24},"end":{"line":10,"column":21}}},"1":{"name":"(anonymous_2)","decl":{"start":{"line":13,"column":36},"end":{"line":13,"column":51}},"loc":{"start":{"line":13,"column":36},"end":{"line":10,"column":63}}},"2":{"name":"normalizeActivity","decl":{"start":{"line":35,"column":9},"end":{"line":35,"column":26}},"loc":{"start":{"line":35,"column":61},"end":{"line":45,"column":1}}},"3":{"name":"(anonymous_4)","decl":{"start":{"line":50,"column":2},"end":{"line":50,"column":22}},"loc":{"start":{"line":50,"column":45},"end":{"line":52,"column":3}}},"4":{"name":"(anonymous_5)","decl":{"start":{"line":65,"column":2},"end":{"line":65,"column":7}},"loc":{"start":{"line":69,"column":22},"end":{"line":132,"column":3}}},"5":{"name":"(anonymous_6)","decl":{"start":{"line":76,"column":21},"end":{"line":76,"column":22}},"loc":{"start":{"line":76,"column":25},"end":{"line":80,"column":9}}},"6":{"name":"(anonymous_7)","decl":{"start":{"line":129,"column":13},"end":{"line":129,"column":14}},"loc":{"start":{"line":129,"column":23},"end":{"line":129,"column":88}}},"7":{"name":"(anonymous_8)","decl":{"start":{"line":137,"column":2},"end":{"line":137,"column":7}},"loc":{"start":{"line":137,"column":59},"end":{"line":175,"column":3}}},"8":{"name":"(anonymous_9)","decl":{"start":{"line":157,"column":52},"end":{"line":157,"column":55}},"loc":{"start":{"line":157,"column":59},"end":{"line":157,"column":81}}}},"branchMap":{"0":{"loc":{"start":{"line":37,"column":16},"end":{"line":37,"column":46}},"type":"binary-expr","locations":[{"start":{"line":37,"column":16},"end":{"line":37,"column":30}},{"start":{"line":37,"column":34},"end":{"line":37,"column":40}},{"start":{"line":37,"column":44},"end":{"line":37,"column":46}}]},"1":{"loc":{"start":{"line":40,"column":10},"end":{"line":40,"column":46}},"type":"binary-expr","locations":[{"start":{"line":40,"column":10},"end":{"line":40,"column":18}},{"start":{"line":40,"column":22},"end":{"line":40,"column":32}},{"start":{"line":40,"column":36},"end":{"line":40,"column":46}}]},"2":{"loc":{"start":{"line":41,"column":17},"end":{"line":41,"column":53}},"type":"binary-expr","locations":[{"start":{"line":41,"column":17},"end":{"line":41,"column":32}},{"start":{"line":41,"column":36},"end":{"line":41,"column":47}},{"start":{"line":41,"column":51},"end":{"line":41,"column":53}}]},"3":{"loc":{"start":{"line":42,"column":12},"end":{"line":42,"column":34}},"type":"binary-expr","locations":[{"start":{"line":42,"column":12},"end":{"line":42,"column":22}},{"start":{"line":42,"column":26},"end":{"line":42,"column":34}}]},"4":{"loc":{"start":{"line":43,"column":15},"end":{"line":43,"column":51}},"type":"binary-expr","locations":[{"start":{"line":43,"column":15},"end":{"line":43,"column":28}},{"start":{"line":43,"column":32},"end":{"line":43,"column":45}},{"start":{"line":43,"column":49},"end":{"line":43,"column":51}}]},"5":{"loc":{"start":{"line":68,"column":4},"end":{"line":68,"column":23}},"type":"default-arg","locations":[{"start":{"line":68,"column":20},"end":{"line":68,"column":23}}]},"6":{"loc":{"start":{"line":69,"column":4},"end":{"line":69,"column":22}},"type":"default-arg","locations":[{"start":{"line":69,"column":21},"end":{"line":69,"column":22}}]},"7":{"loc":{"start":{"line":75,"column":21},"end":{"line":81,"column":13}},"type":"cond-expr","locations":[{"start":{"line":76,"column":8},"end":{"line":80,"column":10}},{"start":{"line":81,"column":8},"end":{"line":81,"column":13}}]},"8":{"loc":{"start":{"line":77,"column":21},"end":{"line":77,"column":47}},"type":"binary-expr","locations":[{"start":{"line":77,"column":21},"end":{"line":77,"column":32}},{"start":{"line":77,"column":36},"end":{"line":77,"column":47}}]},"9":{"loc":{"start":{"line":78,"column":10},"end":{"line":78,"column":32}},"type":"if","locations":[{"start":{"line":78,"column":10},"end":{"line":78,"column":32}}]},"10":{"loc":{"start":{"line":86,"column":6},"end":{"line":86,"column":46}},"type":"if","locations":[{"start":{"line":86,"column":6},"end":{"line":86,"column":46}}]},"11":{"loc":{"start":{"line":90,"column":6},"end":{"line":125,"column":7}},"type":"if","locations":[{"start":{"line":90,"column":6},"end":{"line":125,"column":7}},{"start":{"line":99,"column":13},"end":{"line":125,"column":7}}]},"12":{"loc":{"start":{"line":92,"column":10},"end":{"line":92,"column":67}},"type":"if","locations":[{"start":{"line":92,"column":10},"end":{"line":92,"column":67}}]},"13":{"loc":{"start":{"line":92,"column":14},"end":{"line":92,"column":56}},"type":"binary-expr","locations":[{"start":{"line":92,"column":14},"end":{"line":92,"column":19}},{"start":{"line":92,"column":23},"end":{"line":92,"column":56}}]},"14":{"loc":{"start":{"line":94,"column":10},"end":{"line":96,"column":11}},"type":"if","locations":[{"start":{"line":94,"column":10},"end":{"line":96,"column":11}}]},"15":{"loc":{"start":{"line":101,"column":26},"end":{"line":101,"column":58}},"type":"binary-expr","locations":[{"start":{"line":101,"column":26},"end":{"line":101,"column":40}},{"start":{"line":101,"column":44},"end":{"line":101,"column":58}}]},"16":{"loc":{"start":{"line":102,"column":8},"end":{"line":112,"column":9}},"type":"if","locations":[{"start":{"line":102,"column":8},"end":{"line":112,"column":9}}]},"17":{"loc":{"start":{"line":102,"column":12},"end":{"line":102,"column":65}},"type":"binary-expr","locations":[{"start":{"line":102,"column":12},"end":{"line":102,"column":21}},{"start":{"line":102,"column":26},"end":{"line":102,"column":32}},{"start":{"line":102,"column":36},"end":{"line":102,"column":64}}]},"18":{"loc":{"start":{"line":113,"column":8},"end":{"line":124,"column":9}},"type":"if","locations":[{"start":{"line":113,"column":8},"end":{"line":124,"column":9}}]},"19":{"loc":{"start":{"line":113,"column":12},"end":{"line":114,"column":57}},"type":"binary-expr","locations":[{"start":{"line":113,"column":12},"end":{"line":113,"column":26}},{"start":{"line":113,"column":30},"end":{"line":113,"column":63}},{"start":{"line":114,"column":13},"end":{"line":114,"column":19}},{"start":{"line":114,"column":23},"end":{"line":114,"column":56}}]},"20":{"loc":{"start":{"line":137,"column":40},"end":{"line":137,"column":59}},"type":"default-arg","locations":[{"start":{"line":137,"column":56},"end":{"line":137,"column":59}}]},"21":{"loc":{"start":{"line":143,"column":11},"end":{"line":143,"column":54}},"type":"binary-expr","locations":[{"start":{"line":143,"column":11},"end":{"line":143,"column":33}},{"start":{"line":143,"column":37},"end":{"line":143,"column":54}}]},"22":{"loc":{"start":{"line":147,"column":6},"end":{"line":150,"column":7}},"type":"if","locations":[{"start":{"line":147,"column":6},"end":{"line":150,"column":7}}]},"23":{"loc":{"start":{"line":157,"column":23},"end":{"line":157,"column":46}},"type":"binary-expr","locations":[{"start":{"line":157,"column":23},"end":{"line":157,"column":40}},{"start":{"line":157,"column":44},"end":{"line":157,"column":46}}]},"24":{"loc":{"start":{"line":160,"column":8},"end":{"line":166,"column":9}},"type":"if","locations":[{"start":{"line":160,"column":8},"end":{"line":166,"column":9}},{"start":{"line":164,"column":15},"end":{"line":166,"column":9}}]},"25":{"loc":{"start":{"line":162,"column":23},"end":{"line":162,"column":42}},"type":"binary-expr","locations":[{"start":{"line":162,"column":23},"end":{"line":162,"column":37}},{"start":{"line":162,"column":41},"end":{"line":162,"column":42}}]},"26":{"loc":{"start":{"line":167,"column":8},"end":{"line":167,"column":38}},"type":"if","locations":[{"start":{"line":167,"column":8},"end":{"line":167,"column":38}}]}},"s":{"0":3,"1":4,"2":4,"3":3,"4":8,"5":13,"6":13,"7":7,"8":7,"9":2,"10":2,"11":0,"12":2,"13":7,"14":7,"15":11,"16":1,"17":10,"18":10,"19":1,"20":1,"21":0,"22":1,"23":1,"24":1,"25":9,"26":9,"27":9,"28":9,"29":9,"30":7,"31":23,"32":7,"33":16,"34":16,"35":16,"36":16,"37":17,"38":17,"39":1,"40":1,"41":17,"42":17,"43":16,"44":8,"45":16,"46":16,"47":2,"48":2,"49":2,"50":14,"51":2,"52":0,"53":1,"54":16,"55":3,"56":3},"f":{"0":1,"1":1,"2":8,"3":13,"4":7,"5":2,"6":23,"7":16,"8":8},"b":{"0":[8,1,0],"1":[8,1,0],"2":[8,1,0],"3":[8,6],"4":[8,1,0],"5":[6],"6":[7],"7":[1,6],"8":[2,0],"9":[0],"10":[1],"11":[1,9],"12":[0],"13":[1,0],"14":[1],"15":[9,0],"16":[9],"17":[9,9,1],"18":[9],"19":[9,9,9,1],"20":[5],"21":[18,18],"22":[1],"23":[16,0],"24":[2,14],"25":[2,0],"26":[0]}}
,"/Users/styrbjorn/Sites/favro-cli/src/api/comments.ts": {"path":"/Users/styrbjorn/Sites/favro-cli/src/api/comments.ts","statementMap":{"0":{"start":{"line":29,"column":2},"end":{"line":36,"column":4}},"1":{"start":{"line":40,"column":22},"end":{"line":40,"column":45}},"2":{"start":{"line":46,"column":35},"end":{"line":46,"column":37}},"3":{"start":{"line":48,"column":15},"end":{"line":48,"column":16}},"4":{"start":{"line":50,"column":4},"end":{"line":70,"column":5}},"5":{"start":{"line":51,"column":46},"end":{"line":53,"column":8}},"6":{"start":{"line":54,"column":6},"end":{"line":57,"column":7}},"7":{"start":{"line":55,"column":8},"end":{"line":55,"column":37}},"8":{"start":{"line":56,"column":8},"end":{"line":56,"column":27}},"9":{"start":{"line":59,"column":23},"end":{"line":61,"column":null}},"10":{"start":{"line":64,"column":20},"end":{"line":64,"column":87}},"11":{"start":{"line":64,"column":57},"end":{"line":64,"column":86}},"12":{"start":{"line":65,"column":6},"end":{"line":65,"column":33}},"13":{"start":{"line":67,"column":6},"end":{"line":67,"column":37}},"14":{"start":{"line":68,"column":6},"end":{"line":68,"column":95}},"15":{"start":{"line":68,"column":89},"end":{"line":68,"column":95}},"16":{"start":{"line":69,"column":6},"end":{"line":69,"column":13}},"17":{"start":{"line":72,"column":4},"end":{"line":72,"column":39}},"18":{"start":{"line":79,"column":4},"end":{"line":81,"column":5}},"19":{"start":{"line":80,"column":6},"end":{"line":80,"column":55}},"20":{"start":{"line":83,"column":16},"end":{"line":85,"column":null}},"21":{"start":{"line":87,"column":4},"end":{"line":87,"column":41}},"22":{"start":{"line":39,"column":0},"end":{"line":39,"column":13}},"23":{"start":{"line":91,"column":0},"end":{"line":91,"column":33}}},"fnMap":{"0":{"name":"normalizeComment","decl":{"start":{"line":28,"column":9},"end":{"line":28,"column":25}},"loc":{"start":{"line":28,"column":57},"end":{"line":37,"column":1}}},"1":{"name":"(anonymous_1)","decl":{"start":{"line":40,"column":2},"end":{"line":40,"column":22}},"loc":{"start":{"line":40,"column":45},"end":{"line":40,"column":49}}},"2":{"name":"(anonymous_2)","decl":{"start":{"line":45,"column":2},"end":{"line":45,"column":7}},"loc":{"start":{"line":45,"column":56},"end":{"line":73,"column":3}}},"3":{"name":"(anonymous_3)","decl":{"start":{"line":64,"column":50},"end":{"line":64,"column":53}},"loc":{"start":{"line":64,"column":57},"end":{"line":64,"column":86}}},"4":{"name":"(anonymous_4)","decl":{"start":{"line":78,"column":2},"end":{"line":78,"column":7}},"loc":{"start":{"line":78,"column":47},"end":{"line":88,"column":3}}}},"branchMap":{"0":{"loc":{"start":{"line":30,"column":15},"end":{"line":30,"column":44}},"type":"binary-expr","locations":[{"start":{"line":30,"column":15},"end":{"line":30,"column":28}},{"start":{"line":30,"column":32},"end":{"line":30,"column":38}},{"start":{"line":30,"column":42},"end":{"line":30,"column":44}}]},"1":{"loc":{"start":{"line":31,"column":12},"end":{"line":31,"column":32}},"type":"binary-expr","locations":[{"start":{"line":31,"column":12},"end":{"line":31,"column":22}},{"start":{"line":31,"column":26},"end":{"line":31,"column":32}}]},"2":{"loc":{"start":{"line":32,"column":10},"end":{"line":32,"column":39}},"type":"binary-expr","locations":[{"start":{"line":32,"column":10},"end":{"line":32,"column":18}},{"start":{"line":32,"column":22},"end":{"line":32,"column":33}},{"start":{"line":32,"column":37},"end":{"line":32,"column":39}}]},"3":{"loc":{"start":{"line":33,"column":12},"end":{"line":33,"column":34}},"type":"binary-expr","locations":[{"start":{"line":33,"column":12},"end":{"line":33,"column":22}},{"start":{"line":33,"column":26},"end":{"line":33,"column":34}}]},"4":{"loc":{"start":{"line":34,"column":15},"end":{"line":34,"column":34}},"type":"binary-expr","locations":[{"start":{"line":34,"column":15},"end":{"line":34,"column":28}},{"start":{"line":34,"column":32},"end":{"line":34,"column":34}}]},"5":{"loc":{"start":{"line":45,"column":37},"end":{"line":45,"column":56}},"type":"default-arg","locations":[{"start":{"line":45,"column":53},"end":{"line":45,"column":56}}]},"6":{"loc":{"start":{"line":54,"column":6},"end":{"line":57,"column":7}},"type":"if","locations":[{"start":{"line":54,"column":6},"end":{"line":57,"column":7}}]},"7":{"loc":{"start":{"line":64,"column":21},"end":{"line":64,"column":44}},"type":"binary-expr","locations":[{"start":{"line":64,"column":21},"end":{"line":64,"column":38}},{"start":{"line":64,"column":42},"end":{"line":64,"column":44}}]},"8":{"loc":{"start":{"line":68,"column":6},"end":{"line":68,"column":95}},"type":"if","locations":[{"start":{"line":68,"column":6},"end":{"line":68,"column":95}}]},"9":{"loc":{"start":{"line":68,"column":10},"end":{"line":68,"column":87}},"type":"binary-expr","locations":[{"start":{"line":68,"column":10},"end":{"line":68,"column":20}},{"start":{"line":68,"column":24},"end":{"line":68,"column":39}},{"start":{"line":68,"column":43},"end":{"line":68,"column":65}},{"start":{"line":68,"column":69},"end":{"line":68,"column":87}}]},"10":{"loc":{"start":{"line":79,"column":4},"end":{"line":81,"column":5}},"type":"if","locations":[{"start":{"line":79,"column":4},"end":{"line":81,"column":5}}]},"11":{"loc":{"start":{"line":79,"column":8},"end":{"line":79,"column":29}},"type":"binary-expr","locations":[{"start":{"line":79,"column":8},"end":{"line":79,"column":13}},{"start":{"line":79,"column":17},"end":{"line":79,"column":29}}]}},"s":{"0":10,"1":8,"2":5,"3":5,"4":5,"5":6,"6":6,"7":1,"8":1,"9":6,"10":6,"11":8,"12":6,"13":6,"14":6,"15":5,"16":1,"17":5,"18":4,"19":2,"20":2,"21":2,"22":3,"23":3},"f":{"0":10,"1":8,"2":5,"3":8,"4":4},"b":{"0":[10,1,0],"1":[10,8],"2":[10,1,0],"3":[10,10],"4":[10,0],"5":[4],"6":[1],"7":[6,0],"8":[5],"9":[6,2,2,1],"10":[2],"11":[4,3]}}
,"/Users/styrbjorn/Sites/favro-cli/src/api/members.ts": {"path":"/Users/styrbjorn/Sites/favro-cli/src/api/members.ts","statementMap":{"0":{"start":{"line":13,"column":0},"end":{"line":13,"column":16}},"1":{"start":{"line":14,"column":2},"end":{"line":14,"column":44}},"2":{"start":{"line":14,"column":31},"end":{"line":14,"column":44}},"3":{"start":{"line":15,"column":13},"end":{"line":15,"column":41}},"4":{"start":{"line":16,"column":2},"end":{"line":16,"column":31}},"5":{"start":{"line":36,"column":2},"end":{"line":41,"column":4}},"6":{"start":{"line":45,"column":22},"end":{"line":45,"column":45}},"7":{"start":{"line":51,"column":33},"end":{"line":51,"column":35}},"8":{"start":{"line":53,"column":15},"end":{"line":53,"column":16}},"9":{"start":{"line":55,"column":4},"end":{"line":71,"column":5}},"10":{"start":{"line":56,"column":42},"end":{"line":56,"column":55}},"11":{"start":{"line":57,"column":6},"end":{"line":57,"column":55}},"12":{"start":{"line":57,"column":25},"end":{"line":57,"column":55}},"13":{"start":{"line":58,"column":6},"end":{"line":58,"column":70}},"14":{"start":{"line":58,"column":30},"end":{"line":58,"column":70}},"15":{"start":{"line":59,"column":6},"end":{"line":62,"column":7}},"16":{"start":{"line":60,"column":8},"end":{"line":60,"column":37}},"17":{"start":{"line":61,"column":8},"end":{"line":61,"column":27}},"18":{"start":{"line":64,"column":23},"end":{"line":64,"column":98}},"19":{"start":{"line":65,"column":22},"end":{"line":65,"column":68}},"20":{"start":{"line":66,"column":6},"end":{"line":66,"column":34}},"21":{"start":{"line":68,"column":6},"end":{"line":68,"column":37}},"22":{"start":{"line":69,"column":6},"end":{"line":69,"column":97}},"23":{"start":{"line":69,"column":91},"end":{"line":69,"column":97}},"24":{"start":{"line":70,"column":6},"end":{"line":70,"column":13}},"25":{"start":{"line":73,"column":4},"end":{"line":73,"column":22}},"26":{"start":{"line":81,"column":4},"end":{"line":83,"column":5}},"27":{"start":{"line":82,"column":6},"end":{"line":82,"column":58}},"28":{"start":{"line":85,"column":41},"end":{"line":89,"column":6}},"29":{"start":{"line":91,"column":16},"end":{"line":91,"column":70}},"30":{"start":{"line":92,"column":4},"end":{"line":92,"column":32}},"31":{"start":{"line":99,"column":4},"end":{"line":104,"column":7}},"32":{"start":{"line":111,"column":19},"end":{"line":113,"column":null}},"33":{"start":{"line":115,"column":18},"end":{"line":115,"column":55}},"34":{"start":{"line":116,"column":4},"end":{"line":118,"column":5}},"35":{"start":{"line":117,"column":6},"end":{"line":117,"column":104}},"36":{"start":{"line":119,"column":4},"end":{"line":119,"column":17}},"37":{"start":{"line":44,"column":0},"end":{"line":44,"column":13}},"38":{"start":{"line":123,"column":0},"end":{"line":123,"column":30}}},"fnMap":{"0":{"name":"isValidEmail","decl":{"start":{"line":13,"column":16},"end":{"line":13,"column":28}},"loc":{"start":{"line":13,"column":42},"end":{"line":17,"column":1}}},"1":{"name":"normalizeMember","decl":{"start":{"line":35,"column":9},"end":{"line":35,"column":24}},"loc":{"start":{"line":35,"column":39},"end":{"line":42,"column":1}}},"2":{"name":"(anonymous_2)","decl":{"start":{"line":45,"column":2},"end":{"line":45,"column":22}},"loc":{"start":{"line":45,"column":45},"end":{"line":45,"column":49}}},"3":{"name":"(anonymous_3)","decl":{"start":{"line":50,"column":2},"end":{"line":50,"column":7}},"loc":{"start":{"line":50,"column":69},"end":{"line":74,"column":3}}},"4":{"name":"(anonymous_4)","decl":{"start":{"line":80,"column":2},"end":{"line":80,"column":7}},"loc":{"start":{"line":80,"column":73},"end":{"line":93,"column":3}}},"5":{"name":"(anonymous_5)","decl":{"start":{"line":98,"column":2},"end":{"line":98,"column":7}},"loc":{"start":{"line":98,"column":79},"end":{"line":105,"column":3}}},"6":{"name":"(anonymous_6)","decl":{"start":{"line":110,"column":2},"end":{"line":110,"column":7}},"loc":{"start":{"line":110,"column":62},"end":{"line":120,"column":3}}}},"branchMap":{"0":{"loc":{"start":{"line":14,"column":2},"end":{"line":14,"column":44}},"type":"if","locations":[{"start":{"line":14,"column":2},"end":{"line":14,"column":44}}]},"1":{"loc":{"start":{"line":14,"column":6},"end":{"line":14,"column":29}},"type":"binary-expr","locations":[{"start":{"line":14,"column":6},"end":{"line":14,"column":12}},{"start":{"line":14,"column":16},"end":{"line":14,"column":29}}]},"2":{"loc":{"start":{"line":37,"column":8},"end":{"line":37,"column":50}},"type":"binary-expr","locations":[{"start":{"line":37,"column":8},"end":{"line":37,"column":20}},{"start":{"line":37,"column":24},"end":{"line":37,"column":30}},{"start":{"line":37,"column":34},"end":{"line":37,"column":44}},{"start":{"line":37,"column":48},"end":{"line":37,"column":50}}]},"3":{"loc":{"start":{"line":38,"column":10},"end":{"line":38,"column":24}},"type":"binary-expr","locations":[{"start":{"line":38,"column":10},"end":{"line":38,"column":18}},{"start":{"line":38,"column":22},"end":{"line":38,"column":24}}]},"4":{"loc":{"start":{"line":40,"column":10},"end":{"line":40,"column":53}},"type":"binary-expr","locations":[{"start":{"line":40,"column":10},"end":{"line":40,"column":18}},{"start":{"line":40,"column":22},"end":{"line":40,"column":41}},{"start":{"line":40,"column":45},"end":{"line":40,"column":53}}]},"5":{"loc":{"start":{"line":57,"column":6},"end":{"line":57,"column":55}},"type":"if","locations":[{"start":{"line":57,"column":6},"end":{"line":57,"column":55}}]},"6":{"loc":{"start":{"line":58,"column":6},"end":{"line":58,"column":70}},"type":"if","locations":[{"start":{"line":58,"column":6},"end":{"line":58,"column":70}}]},"7":{"loc":{"start":{"line":59,"column":6},"end":{"line":62,"column":7}},"type":"if","locations":[{"start":{"line":59,"column":6},"end":{"line":62,"column":7}}]},"8":{"loc":{"start":{"line":65,"column":23},"end":{"line":65,"column":46}},"type":"binary-expr","locations":[{"start":{"line":65,"column":23},"end":{"line":65,"column":40}},{"start":{"line":65,"column":44},"end":{"line":65,"column":46}}]},"9":{"loc":{"start":{"line":69,"column":6},"end":{"line":69,"column":97}},"type":"if","locations":[{"start":{"line":69,"column":6},"end":{"line":69,"column":97}}]},"10":{"loc":{"start":{"line":69,"column":10},"end":{"line":69,"column":89}},"type":"binary-expr","locations":[{"start":{"line":69,"column":10},"end":{"line":69,"column":20}},{"start":{"line":69,"column":24},"end":{"line":69,"column":39}},{"start":{"line":69,"column":43},"end":{"line":69,"column":65}},{"start":{"line":69,"column":69},"end":{"line":69,"column":89}}]},"11":{"loc":{"start":{"line":81,"column":4},"end":{"line":83,"column":5}},"type":"if","locations":[{"start":{"line":81,"column":4},"end":{"line":83,"column":5}}]},"12":{"loc":{"start":{"line":88,"column":18},"end":{"line":88,"column":56}},"type":"cond-expr","locations":[{"start":{"line":88,"column":34},"end":{"line":88,"column":41}},{"start":{"line":88,"column":44},"end":{"line":88,"column":56}}]},"13":{"loc":{"start":{"line":102,"column":20},"end":{"line":102,"column":58}},"type":"cond-expr","locations":[{"start":{"line":102,"column":36},"end":{"line":102,"column":43}},{"start":{"line":102,"column":46},"end":{"line":102,"column":58}}]},"14":{"loc":{"start":{"line":115,"column":18},"end":{"line":115,"column":55}},"type":"binary-expr","locations":[{"start":{"line":115,"column":18},"end":{"line":115,"column":29}},{"start":{"line":115,"column":33},"end":{"line":115,"column":55}}]},"15":{"loc":{"start":{"line":116,"column":4},"end":{"line":118,"column":5}},"type":"if","locations":[{"start":{"line":116,"column":4},"end":{"line":118,"column":5}}]},"16":{"loc":{"start":{"line":116,"column":8},"end":{"line":116,"column":64}},"type":"binary-expr","locations":[{"start":{"line":116,"column":8},"end":{"line":116,"column":14}},{"start":{"line":116,"column":18},"end":{"line":116,"column":64}}]}},"s":{"0":3,"1":19,"2":4,"3":15,"4":15,"5":8,"6":24,"7":6,"8":6,"9":6,"10":7,"11":7,"12":1,"13":7,"14":1,"15":7,"16":1,"17":1,"18":7,"19":7,"20":7,"21":7,"22":7,"23":6,"24":1,"25":6,"26":7,"27":3,"28":4,"29":4,"30":3,"31":3,"32":8,"33":7,"34":7,"35":2,"36":5,"37":3,"38":3},"f":{"0":19,"1":8,"2":24,"3":6,"4":7,"5":3,"6":8},"b":{"0":[4],"1":[19,17],"2":[8,1,1,0],"3":[8,0],"4":[8,1,1],"5":[1],"6":[1],"7":[1],"8":[7,0],"9":[6],"10":[7,2,2,1],"11":[3],"12":[3,1],"13":[2,1],"14":[7,2],"15":[2],"16":[7,6]}}
,"/Users/styrbjorn/Sites/favro-cli/src/api/webhooks.ts": {"path":"/Users/styrbjorn/Sites/favro-cli/src/api/webhooks.ts","statementMap":{"0":{"start":{"line":41,"column":0},"end":{"line":41,"column":16}},"1":{"start":{"line":48,"column":0},"end":{"line":48,"column":16}},"2":{"start":{"line":6,"column":0},"end":{"line":6,"column":32}},"3":{"start":{"line":8,"column":32},"end":{"line":6,"column":80}},"4":{"start":{"line":28,"column":2},"end":{"line":35,"column":4}},"5":{"start":{"line":42,"column":2},"end":{"line":42,"column":62}},"6":{"start":{"line":49,"column":2},"end":{"line":49,"column":40}},"7":{"start":{"line":49,"column":27},"end":{"line":49,"column":40}},"8":{"start":{"line":50,"column":2},"end":{"line":55,"column":3}},"9":{"start":{"line":51,"column":19},"end":{"line":51,"column":38}},"10":{"start":{"line":52,"column":4},"end":{"line":52,"column":71}},"11":{"start":{"line":54,"column":4},"end":{"line":54,"column":17}},"12":{"start":{"line":59,"column":22},"end":{"line":59,"column":45}},"13":{"start":{"line":65,"column":35},"end":{"line":65,"column":37}},"14":{"start":{"line":67,"column":15},"end":{"line":67,"column":16}},"15":{"start":{"line":69,"column":4},"end":{"line":87,"column":5}},"16":{"start":{"line":70,"column":42},"end":{"line":70,"column":56}},"17":{"start":{"line":71,"column":6},"end":{"line":74,"column":7}},"18":{"start":{"line":72,"column":8},"end":{"line":72,"column":37}},"19":{"start":{"line":73,"column":8},"end":{"line":73,"column":27}},"20":{"start":{"line":76,"column":23},"end":{"line":78,"column":null}},"21":{"start":{"line":81,"column":20},"end":{"line":81,"column":67}},"22":{"start":{"line":82,"column":6},"end":{"line":82,"column":33}},"23":{"start":{"line":84,"column":6},"end":{"line":84,"column":37}},"24":{"start":{"line":85,"column":6},"end":{"line":85,"column":95}},"25":{"start":{"line":85,"column":89},"end":{"line":85,"column":95}},"26":{"start":{"line":86,"column":6},"end":{"line":86,"column":13}},"27":{"start":{"line":89,"column":4},"end":{"line":89,"column":23}},"28":{"start":{"line":97,"column":4},"end":{"line":101,"column":5}},"29":{"start":{"line":98,"column":6},"end":{"line":100,"column":8}},"30":{"start":{"line":103,"column":4},"end":{"line":107,"column":5}},"31":{"start":{"line":104,"column":6},"end":{"line":106,"column":8}},"32":{"start":{"line":110,"column":21},"end":{"line":110,"column":38}},"33":{"start":{"line":111,"column":22},"end":{"line":112,"column":null}},"34":{"start":{"line":112,"column":11},"end":{"line":112,"column":61}},"35":{"start":{"line":114,"column":4},"end":{"line":118,"column":5}},"36":{"start":{"line":115,"column":6},"end":{"line":117,"column":8}},"37":{"start":{"line":120,"column":4},"end":{"line":134,"column":5}},"38":{"start":{"line":121,"column":18},"end":{"line":124,"column":8}},"39":{"start":{"line":125,"column":6},"end":{"line":125,"column":35}},"40":{"start":{"line":128,"column":6},"end":{"line":132,"column":7}},"41":{"start":{"line":129,"column":8},"end":{"line":131,"column":10}},"42":{"start":{"line":133,"column":6},"end":{"line":133,"column":18}},"43":{"start":{"line":141,"column":4},"end":{"line":143,"column":5}},"44":{"start":{"line":142,"column":6},"end":{"line":142,"column":53}},"45":{"start":{"line":145,"column":4},"end":{"line":152,"column":5}},"46":{"start":{"line":146,"column":6},"end":{"line":146,"column":64}},"47":{"start":{"line":148,"column":6},"end":{"line":150,"column":7}},"48":{"start":{"line":149,"column":8},"end":{"line":149,"column":96}},"49":{"start":{"line":151,"column":6},"end":{"line":151,"column":18}},"50":{"start":{"line":58,"column":0},"end":{"line":58,"column":13}},"51":{"start":{"line":156,"column":0},"end":{"line":156,"column":32}}},"fnMap":{"0":{"name":"(anonymous_0)","decl":{"start":{"line":8,"column":32},"end":{"line":8,"column":52}},"loc":{"start":{"line":8,"column":32},"end":{"line":6,"column":80}}},"1":{"name":"normalizeWebhook","decl":{"start":{"line":27,"column":9},"end":{"line":27,"column":25}},"loc":{"start":{"line":27,"column":41},"end":{"line":36,"column":1}}},"2":{"name":"isValidWebhookEvent","decl":{"start":{"line":41,"column":16},"end":{"line":41,"column":35}},"loc":{"start":{"line":41,"column":49},"end":{"line":43,"column":1}}},"3":{"name":"isValidWebhookUrl","decl":{"start":{"line":48,"column":16},"end":{"line":48,"column":33}},"loc":{"start":{"line":48,"column":45},"end":{"line":56,"column":1}}},"4":{"name":"(anonymous_4)","decl":{"start":{"line":59,"column":2},"end":{"line":59,"column":22}},"loc":{"start":{"line":59,"column":45},"end":{"line":59,"column":49}}},"5":{"name":"(anonymous_5)","decl":{"start":{"line":64,"column":2},"end":{"line":64,"column":7}},"loc":{"start":{"line":64,"column":12},"end":{"line":90,"column":3}}},"6":{"name":"(anonymous_6)","decl":{"start":{"line":96,"column":2},"end":{"line":96,"column":7}},"loc":{"start":{"line":96,"column":50},"end":{"line":135,"column":3}}},"7":{"name":"(anonymous_7)","decl":{"start":{"line":112,"column":6},"end":{"line":112,"column":7}},"loc":{"start":{"line":112,"column":11},"end":{"line":112,"column":61}}},"8":{"name":"(anonymous_8)","decl":{"start":{"line":140,"column":2},"end":{"line":140,"column":7}},"loc":{"start":{"line":140,"column":32},"end":{"line":153,"column":3}}}},"branchMap":{"0":{"loc":{"start":{"line":29,"column":8},"end":{"line":29,"column":37}},"type":"binary-expr","locations":[{"start":{"line":29,"column":8},"end":{"line":29,"column":21}},{"start":{"line":29,"column":25},"end":{"line":29,"column":31}},{"start":{"line":29,"column":35},"end":{"line":29,"column":37}}]},"1":{"loc":{"start":{"line":30,"column":12},"end":{"line":30,"column":39}},"type":"binary-expr","locations":[{"start":{"line":30,"column":12},"end":{"line":30,"column":21}},{"start":{"line":30,"column":25},"end":{"line":30,"column":39}}]},"2":{"loc":{"start":{"line":31,"column":15},"end":{"line":31,"column":45}},"type":"binary-expr","locations":[{"start":{"line":31,"column":15},"end":{"line":31,"column":28}},{"start":{"line":31,"column":32},"end":{"line":31,"column":39}},{"start":{"line":31,"column":43},"end":{"line":31,"column":45}}]},"3":{"loc":{"start":{"line":32,"column":20},"end":{"line":32,"column":44}},"type":"binary-expr","locations":[{"start":{"line":32,"column":20},"end":{"line":32,"column":38}},{"start":{"line":32,"column":42},"end":{"line":32,"column":44}}]},"4":{"loc":{"start":{"line":33,"column":15},"end":{"line":33,"column":34}},"type":"binary-expr","locations":[{"start":{"line":33,"column":15},"end":{"line":33,"column":28}},{"start":{"line":33,"column":32},"end":{"line":33,"column":34}}]},"5":{"loc":{"start":{"line":49,"column":2},"end":{"line":49,"column":40}},"type":"if","locations":[{"start":{"line":49,"column":2},"end":{"line":49,"column":40}}]},"6":{"loc":{"start":{"line":49,"column":6},"end":{"line":49,"column":25}},"type":"binary-expr","locations":[{"start":{"line":49,"column":6},"end":{"line":49,"column":10}},{"start":{"line":49,"column":14},"end":{"line":49,"column":25}}]},"7":{"loc":{"start":{"line":52,"column":11},"end":{"line":52,"column":70}},"type":"binary-expr","locations":[{"start":{"line":52,"column":11},"end":{"line":52,"column":38}},{"start":{"line":52,"column":42},"end":{"line":52,"column":70}}]},"8":{"loc":{"start":{"line":71,"column":6},"end":{"line":74,"column":7}},"type":"if","locations":[{"start":{"line":71,"column":6},"end":{"line":74,"column":7}}]},"9":{"loc":{"start":{"line":81,"column":21},"end":{"line":81,"column":44}},"type":"binary-expr","locations":[{"start":{"line":81,"column":21},"end":{"line":81,"column":38}},{"start":{"line":81,"column":42},"end":{"line":81,"column":44}}]},"10":{"loc":{"start":{"line":85,"column":6},"end":{"line":85,"column":95}},"type":"if","locations":[{"start":{"line":85,"column":6},"end":{"line":85,"column":95}}]},"11":{"loc":{"start":{"line":85,"column":10},"end":{"line":85,"column":87}},"type":"binary-expr","locations":[{"start":{"line":85,"column":10},"end":{"line":85,"column":20}},{"start":{"line":85,"column":24},"end":{"line":85,"column":39}},{"start":{"line":85,"column":43},"end":{"line":85,"column":65}},{"start":{"line":85,"column":69},"end":{"line":85,"column":87}}]},"12":{"loc":{"start":{"line":97,"column":4},"end":{"line":101,"column":5}},"type":"if","locations":[{"start":{"line":97,"column":4},"end":{"line":101,"column":5}}]},"13":{"loc":{"start":{"line":103,"column":4},"end":{"line":107,"column":5}},"type":"if","locations":[{"start":{"line":103,"column":4},"end":{"line":107,"column":5}}]},"14":{"loc":{"start":{"line":112,"column":11},"end":{"line":112,"column":61}},"type":"binary-expr","locations":[{"start":{"line":112,"column":11},"end":{"line":112,"column":28}},{"start":{"line":112,"column":32},"end":{"line":112,"column":61}}]},"15":{"loc":{"start":{"line":114,"column":4},"end":{"line":118,"column":5}},"type":"if","locations":[{"start":{"line":114,"column":4},"end":{"line":118,"column":5}}]},"16":{"loc":{"start":{"line":128,"column":6},"end":{"line":132,"column":7}},"type":"if","locations":[{"start":{"line":128,"column":6},"end":{"line":132,"column":7}}]},"17":{"loc":{"start":{"line":141,"column":4},"end":{"line":143,"column":5}},"type":"if","locations":[{"start":{"line":141,"column":4},"end":{"line":143,"column":5}}]},"18":{"loc":{"start":{"line":141,"column":8},"end":{"line":141,"column":39}},"type":"binary-expr","locations":[{"start":{"line":141,"column":8},"end":{"line":141,"column":18}},{"start":{"line":141,"column":22},"end":{"line":141,"column":39}}]},"19":{"loc":{"start":{"line":148,"column":6},"end":{"line":150,"column":7}},"type":"if","locations":[{"start":{"line":148,"column":6},"end":{"line":150,"column":7}}]}},"s":{"0":4,"1":4,"2":4,"3":55,"4":7,"5":17,"6":19,"7":5,"8":14,"9":14,"10":11,"11":3,"12":16,"13":9,"14":9,"15":9,"16":10,"17":10,"18":1,"19":1,"20":10,"21":10,"22":10,"23":10,"24":10,"25":9,"26":1,"27":9,"28":7,"29":1,"30":6,"31":1,"32":5,"33":5,"34":1,"35":5,"36":1,"37":4,"38":4,"39":2,"40":2,"41":1,"42":1,"43":6,"44":2,"45":4,"46":4,"47":2,"48":1,"49":1,"50":4,"51":4},"f":{"0":51,"1":7,"2":17,"3":19,"4":16,"5":9,"6":7,"7":1,"8":6},"b":{"0":[7,1,0],"1":[7,0],"2":[7,1,0],"3":[7,4],"4":[7,0],"5":[5],"6":[19,16],"7":[11,9],"8":[1],"9":[10,0],"10":[9],"11":[10,2,2,1],"12":[1],"13":[1],"14":[1,1],"15":[1],"16":[1],"17":[2],"18":[6,5],"19":[1]}}
,"/Users/styrbjorn/Sites/favro-cli/src/commands/activity.ts": {"path":"/Users/styrbjorn/Sites/favro-cli/src/commands/activity.ts","statementMap":{"0":{"start":{"line":14,"column":0},"end":{"line":14,"column":16}},"1":{"start":{"line":9,"column":0},"end":{"line":9,"column":49}},"2":{"start":{"line":10,"column":0},"end":{"line":10,"column":46}},"3":{"start":{"line":11,"column":0},"end":{"line":11,"column":68}},"4":{"start":{"line":12,"column":0},"end":{"line":12,"column":81}},"5":{"start":{"line":15,"column":22},"end":{"line":17,"column":48}},"6":{"start":{"line":20,"column":2},"end":{"line":108,"column":7}},"7":{"start":{"line":40,"column":22},"end":{"line":40,"column":54}},"8":{"start":{"line":41,"column":6},"end":{"line":107,"column":7}},"9":{"start":{"line":42,"column":22},"end":{"line":42,"column":43}},"10":{"start":{"line":43,"column":8},"end":{"line":46,"column":9}},"11":{"start":{"line":44,"column":10},"end":{"line":44,"column":58}},"12":{"start":{"line":45,"column":10},"end":{"line":45,"column":26}},"13":{"start":{"line":49,"column":8},"end":{"line":54,"column":9}},"14":{"start":{"line":50,"column":10},"end":{"line":50,"column":44}},"15":{"start":{"line":52,"column":10},"end":{"line":52,"column":49}},"16":{"start":{"line":53,"column":10},"end":{"line":53,"column":26}},"17":{"start":{"line":56,"column":25},"end":{"line":56,"column":52}},"18":{"start":{"line":57,"column":22},"end":{"line":57,"column":72}},"19":{"start":{"line":59,"column":26},"end":{"line":59,"column":54}},"20":{"start":{"line":60,"column":23},"end":{"line":60,"column":74}},"21":{"start":{"line":62,"column":23},"end":{"line":62,"column":88}},"22":{"start":{"line":63,"column":8},"end":{"line":66,"column":9}},"23":{"start":{"line":64,"column":10},"end":{"line":64,"column":106}},"24":{"start":{"line":65,"column":10},"end":{"line":65,"column":26}},"25":{"start":{"line":68,"column":23},"end":{"line":68,"column":63}},"26":{"start":{"line":69,"column":20},"end":{"line":69,"column":49}},"27":{"start":{"line":71,"column":24},"end":{"line":71,"column":81}},"28":{"start":{"line":73,"column":8},"end":{"line":76,"column":9}},"29":{"start":{"line":74,"column":10},"end":{"line":74,"column":56}},"30":{"start":{"line":75,"column":10},"end":{"line":75,"column":17}},"31":{"start":{"line":79,"column":8},"end":{"line":83,"column":9}},"32":{"start":{"line":80,"column":27},"end":{"line":80,"column":71}},"33":{"start":{"line":81,"column":10},"end":{"line":81,"column":78}},"34":{"start":{"line":82,"column":10},"end":{"line":82,"column":17}},"35":{"start":{"line":85,"column":27},"end":{"line":85,"column":74}},"36":{"start":{"line":86,"column":28},"end":{"line":86,"column":68}},"37":{"start":{"line":87,"column":8},"end":{"line":87,"column":128}},"38":{"start":{"line":89,"column":8},"end":{"line":101,"column":9}},"39":{"start":{"line":90,"column":21},"end":{"line":90,"column":53}},"40":{"start":{"line":91,"column":25},"end":{"line":91,"column":66}},"41":{"start":{"line":92,"column":26},"end":{"line":92,"column":72}},"42":{"start":{"line":93,"column":10},"end":{"line":93,"column":90}},"43":{"start":{"line":94,"column":10},"end":{"line":98,"column":11}},"44":{"start":{"line":95,"column":12},"end":{"line":95,"column":65}},"45":{"start":{"line":96,"column":17},"end":{"line":98,"column":11}},"46":{"start":{"line":97,"column":12},"end":{"line":97,"column":53}},"47":{"start":{"line":99,"column":10},"end":{"line":99,"column":50}},"48":{"start":{"line":100,"column":10},"end":{"line":100,"column":24}},"49":{"start":{"line":103,"column":8},"end":{"line":103,"column":69}},"50":{"st
[...]
8,"column":4},"end":{"line":365,"column":5}},"type":"if","locations":[{"start":{"line":358,"column":4},"end":{"line":365,"column":5}}]},"36":{"loc":{"start":{"line":373,"column":31},"end":{"line":373,"column":57}},"type":"binary-expr","locations":[{"start":{"line":373,"column":31},"end":{"line":373,"column":50}},{"start":{"line":373,"column":54},"end":{"line":373,"column":57}}]},"37":{"loc":{"start":{"line":379,"column":4},"end":{"line":393,"column":5}},"type":"if","locations":[{"start":{"line":379,"column":4},"end":{"line":393,"column":5}}]},"38":{"loc":{"start":{"line":382,"column":6},"end":{"line":384,"column":7}},"type":"if","locations":[{"start":{"line":382,"column":6},"end":{"line":384,"column":7}}]},"39":{"loc":{"start":{"line":386,"column":35},"end":{"line":386,"column":59}},"type":"binary-expr","locations":[{"start":{"line":386,"column":35},"end":{"line":386,"column":52}},{"start":{"line":386,"column":56},"end":{"line":386,"column":59}}]},"40":{"loc":{"start":{"line":396,"column":4},"end":{"line":409,"column":5}},"type":"if","locations":[{"start":{"line":396,"column":4},"end":{"line":409,"column":5}}]},"41":{"loc":{"start":{"line":399,"column":6},"end":{"line":403,"column":7}},"type":"if","locations":[{"start":{"line":399,"column":6},"end":{"line":403,"column":7}}]},"42":{"loc":{"start":{"line":413,"column":4},"end":{"line":421,"column":5}},"type":"if","locations":[{"start":{"line":413,"column":4},"end":{"line":421,"column":5}}]},"43":{"loc":{"start":{"line":424,"column":4},"end":{"line":429,"column":5}},"type":"if","locations":[{"start":{"line":424,"column":4},"end":{"line":429,"column":5}}]},"44":{"loc":{"start":{"line":435,"column":4},"end":{"line":442,"column":5}},"type":"if","locations":[{"start":{"line":435,"column":4},"end":{"line":442,"column":5}}]},"45":{"loc":{"start":{"line":437,"column":6},"end":{"line":441,"column":7}},"type":"if","locations":[{"start":{"line":437,"column":6},"end":{"line":441,"column":7}}]},"46":{"loc":{"start":{"line":454,"column":4},"end":{"line":454,"column":48}},"type":"if","locations":[{"start":{"line":454,"column":4},"end":{"line":454,"column":48}}]},"47":{"loc":{"start":{"line":455,"column":4},"end":{"line":459,"column":5}},"type":"if","locations":[{"start":{"line":455,"column":4},"end":{"line":459,"column":5}}]},"48":{"loc":{"start":{"line":477,"column":2},"end":{"line":479,"column":3}},"type":"if","locations":[{"start":{"line":477,"column":2},"end":{"line":479,"column":3}}]},"49":{"loc":{"start":{"line":477,"column":6},"end":{"line":477,"column":58}},"type":"binary-expr","locations":[{"start":{"line":477,"column":6},"end":{"line":477,"column":25}},{"start":{"line":477,"column":29},"end":{"line":477,"column":58}}]},"50":{"loc":{"start":{"line":483,"column":2},"end":{"line":490,"column":3}},"type":"if","locations":[{"start":{"line":483,"column":2},"end":{"line":490,"column":3}}]},"51":{"loc":{"start":{"line":494,"column":2},"end":{"line":501,"column":3}},"type":"if","locations":[{"start":{"line":494,"column":2},"end":{"line":501,"column":3}}]},"52":{"loc":{"start":{"line":505,"column":2},"end":{"line":508,"column":3}},"type":"if","locations":[{"start":{"line":505,"column":2},"end":{"line":508,"column":3}}]},"53":{"loc":{"start":{"line":512,"column":2},"end":{"line":515,"column":3}},"type":"if","locations":[{"start":{"line":512,"column":2},"end":{"line":515,"column":3}}]},"54":{"loc":{"start":{"line":518,"column":2},"end":{"line":525,"column":3}},"type":"if","locations":[{"start":{"line":518,"column":2},"end":{"line":525,"column":3}}]},"55":{"loc":{"start":{"line":521,"column":4},"end":{"line":523,"column":5}},"type":"if","locations":[{"start":{"line":521,"column":4},"end":{"line":523,"column":5}}]},"56":{"loc":{"start":{"line":552,"column":2},"end":{"line":632,"column":3}},"type":"switch","locations":[{"start":{"line":553,"column":4},"end":{"line":553,"column":87}},{"start":{"line":554,"column":4},"end":{"line":554,"column":87}},{"start":{"line":556,"column":4},"end":{"line":559,"column":5}},{"start":{"line":561,"column":4},"end":{"line":611,"column":5}},{"start":{"line":613,"column":4},"end":{"line":621,"column":5}},{"start":{"line":623,"column":4},"end":{"line":628,"column":5}},{"start":{"line":630,"column":4},"end":{"line":631,"column":19}}]},"57":{"loc":{"start":{"line":553,"column":23},"end":{"line":553,"column":86}},"type":"binary-expr","locations":[{"start":{"line":553,"column":23},"end":{"line":553,"column":52}},{"start":{"line":553,"column":56},"end":{"line":553,"column":86}}]},"58":{"loc":{"start":{"line":554,"column":23},"end":{"line":554,"column":86}},"type":"binary-expr","locations":[{"start":{"line":554,"column":23},"end":{"line":554,"column":52}},{"start":{"line":554,"column":56},"end":{"line":554,"column":86}}]},"59":{"loc":{"start":{"line":563,"column":6},"end":{"line":588,"column":7}},"type":"if","locations":[{"start":{"line":563,"column":6},"end":{"line":588,"column":7}}]},"60":{"loc":{"start":{"line":564,"column":20},"end":{"line":564,"column":93}},"type":"binary-expr","locations":[{"start":{"line":564,"column":20},"end":{"line":564,"column":55}},{"start":{"line":564,"column":59},"end":{"line":564,"column":93}}]},"61":{"loc":{"start":{"line":565,"column":8},"end":{"line":565,"column":31}},"type":"if","locations":[{"start":{"line":565,"column":8},"end":{"line":565,"column":31}}]},"62":{"loc":{"start":{"line":569,"column":8},"end":{"line":575,"column":9}},"type":"if","locations":[{"start":{"line":569,"column":8},"end":{"line":575,"column":9}},{"start":{"line":571,"column":15},"end":{"line":575,"column":9}}]},"63":{"loc":{"start":{"line":570,"column":24},"end":{"line":570,"column":80}},"type":"cond-expr","locations":[{"start":{"line":570,"column":44},"end":{"line":570,"column":61}},{"start":{"line":570,"column":64},"end":{"line":570,"column":80}}]},"64":{"loc":{"start":{"line":573,"column":10},"end":{"line":573,"column":47}},"type":"if","locations":[{"start":{"line":573,"column":10},"end":{"line":573,"column":47}}]},"65":{"loc":{"start":{"line":587,"column":15},"end":{"line":587,"column":74}},"type":"binary-expr","locations":[{"start":{"line":587,"column":15},"end":{"line":587,"column":42}},{"start":{"line":587,"column":46},"end":{"line":587,"column":74}}]},"66":{"loc":{"start":{"line":591,"column":6},"end":{"line":591,"column":29}},"type":"if","locations":[{"start":{"line":591,"column":6},"end":{"line":591,"column":29}}]},"67":{"loc":{"start":{"line":595,"column":6},"end":{"line":603,"column":7}},"type":"if","locations":[{"start":{"line":595,"column":6},"end":{"line":603,"column":7}},{"start":{"line":598,"column":13},"end":{"line":603,"column":7}}]},"68":{"loc":{"start":{"line":597,"column":22},"end":{"line":597,"column":78}},"type":"cond-expr","locations":[{"start":{"line":597,"column":42},"end":{"line":597,"column":59}},{"start":{"line":597,"column":62},"end":{"line":597,"column":78}}]},"69":{"loc":{"start":{"line":601,"column":8},"end":{"line":601,"column":45}},"type":"if","locations":[{"start":{"line":601,"column":8},"end":{"line":601,"column":45}}]},"70":{"loc":{"start":{"line":614,"column":44},"end":{"line":614,"column":89}},"type":"binary-expr","locations":[{"start":{"line":614,"column":44},"end":{"line":614,"column":61}},{"start":{"line":614,"column":65},"end":{"line":614,"column":83}},{"start":{"line":614,"column":87},"end":{"line":614,"column":89}}]},"71":{"loc":{"start":{"line":618,"column":6},"end":{"line":618,"column":28}},"type":"if","locations":[{"start":{"line":618,"column":6},"end":{"line":618,"column":28}}]},"72":{"loc":{"start":{"line":619,"column":27},"end":{"line":619,"column":41}},"type":"binary-expr","locations":[{"start":{"line":619,"column":27},"end":{"line":619,"column":35}},{"start":{"line":619,"column":39},"end":{"line":619,"column":41}}]},"73":{"loc":{"start":{"line":624,"column":26},"end":{"line":624,"column":64}},"type":"binary-expr","locations":[{"start":{"line":624,"column":26},"end":{"line":624,"column":44}},{"start":{"line":624,"column":48},"end":{"line":624,"column":58}},{"start":{"line":624,"column":62},"end":{"line":624,"column":64}}]},"74":{"loc":{"start":{"line":625,"column":28},"end":{"line":626,"column":86}},"type":"binary-expr","locations":[{"start":{"line":625,"column":28},"end":{"line":625,"column":63}},{"start":{"line":626,"column":9},"end":{"line":626,"column":23}},{"start":{"line":626,"column":27},"end":{"line":626,"column":55}},{"start":{"line":626,"column":59},"end":{"line":626,"column":85}}]},"75":{"loc":{"start":{"line":655,"column":18},"end":{"line":655,"column":44}},"type":"binary-expr","locations":[{"start":{"line":655,"column":18},"end":{"line":655,"column":33}},{"start":{"line":655,"column":37},"end":{"line":655,"column":44}}]},"76":{"loc":{"start":{"line":657,"column":4},"end":{"line":657,"column":54}},"type":"if","locations":[{"start":{"line":657,"column":4},"end":{"line":657,"column":54}}]},"77":{"loc":{"start":{"line":664,"column":2},"end":{"line":671,"column":3}},"type":"if","locations":[{"start":{"line":664,"column":2},"end":{"line":671,"column":3}}]},"78":{"loc":{"start":{"line":665,"column":4},"end":{"line":668,"column":5}},"type":"if","locations":[{"start":{"line":665,"column":4},"end":{"line":668,"column":5}}]},"79":{"loc":{"start":{"line":673,"column":25},"end":{"line":673,"column":40}},"type":"binary-expr","locations":[{"start":{"line":673,"column":25},"end":{"line":673,"column":34}},{"start":{"line":673,"column":38},"end":{"line":673,"column":40}}]},"80":{"loc":{"start":{"line":676,"column":2},"end":{"line":676,"column":52}},"type":"if","locations":[{"start":{"line":676,"column":2},"end":{"line":676,"column":52}}]},"81":{"loc":{"start":{"line":677,"column":2},"end":{"line":677,"column":46}},"type":"if","locations":[{"start":{"line":677,"column":2},"end":{"line":677,"column":46}}]},"82":{"loc":{"start":{"line":678,"column":2},"end":{"line":681,"column":3}},"type":"if","locations":[{"start":{"line":678,"column":2},"end":{"line":681,"column":3}}]},"83":{"loc":{"start":{"line":684,"column":36},"end":{"line":684,"column":51}},"type":"binary-expr","locations":[{"start":{"line":684,"column":36},"end":{"line":684,"column":45}},{"start":{"line":684,"column":49},"end":{"line":684,"column":51}}]},"84":{"loc":{"start":{"line":686,"column":2},"end":{"line":688,"column":3}},"type":"if","locations":[{"start":{"line":686,"column":2},"end":{"line":688,"column":3}}]},"85":{"loc":{"start":{"line":686,"column":6},"end":{"line":686,"column":41}},"type":"binary-expr","locations":[{"start":{"line":686,"column":6},"end":{"line":686,"column":21}},{"start":{"line":686,"column":25},"end":{"line":686,"column":41}}]},"86":{"loc":{"start":{"line":691,"column":2},"end":{"line":691,"column":44}},"type":"if","locations":[{"start":{"line":691,"column":2},"end":{"line":691,"column":44}}]},"87":{"loc":{"start":{"line":692,"column":2},"end":{"line":692,"column":44}},"type":"if","locations":[{"start":{"line":692,"column":2},"end":{"line":692,"column":44}}]},"88":{"loc":{"start":{"line":693,"column":2},"end":{"line":693,"column":46}},"type":"if","locations":[{"start":{"line":693,"column":2},"end":{"line":693,"column":46}}]},"89":{"loc":{"start":{"line":694,"column":2},"end":{"line":694,"column":46}},"type":"if","locations":[{"start":{"line":694,"column":2},"end":{"line":694,"column":46}}]},"90":{"loc":{"start":{"line":700,"column":2},"end":{"line":707,"column":3}},"type":"switch","locations":[{"start":{"line":701,"column":4},"end":{"line":701,"column":29}},{"start":{"line":702,"column":4},"end":{"line":702,"column":27}},{"start":{"line":703,"column":4},"end":{"line":703,"column":27}},{"start":{"line":704,"column":4},"end":{"line":704,"column":29}},{"start":{"line":705,"column":4},"end":{"line":705,"column":29}},{"start":{"line":706,"column":4},"end":{"line":706,"column":26}}]},"91":{"loc":{"start":{"line":715,"column":2},"end":{"line":746,"column":3}},"type":"switch","locations":[{"start":{"line":716,"column":4},"end":{"line":716,"column":46}},{"start":{"line":717,"column":4},"end":{"line":717,"column":71}},{"start":{"line":718,"column":4},"end":{"line":728,"column":5}},{"start":{"line":729,"column":4},"end":{"line":733,"column":5}},{"start":{"line":734,"column":4},"end":{"line":744,"column":5}},{"start":{"line":745,"column":4},"end":{"line":745,"column":26}}]},"92":{"loc":{"start":{"line":720,"column":21},"end":{"line":720,"column":35}},"type":"binary-expr","locations":[{"start":{"line":720,"column":21},"end":{"line":720,"column":30}},{"start":{"line":720,"column":34},"end":{"line":720,"column":35}}]},"93":{"loc":{"start":{"line":721,"column":6},"end":{"line":726,"column":7}},"type":"switch","locations":[{"start":{"line":722,"column":8},"end":{"line":722,"column":57}},{"start":{"line":723,"column":8},"end":{"line":723,"column":61}},{"start":{"line":724,"column":8},"end":{"line":724,"column":59}},{"start":{"line":725,"column":8},"end":{"line":725,"column":65}}]},"94":{"loc":{"start":{"line":740,"column":24},"end":{"line":740,"column":42}},"type":"binary-expr","locations":[{"start":{"line":740,"column":24},"end":{"line":740,"column":37}},{"start":{"line":740,"column":41},"end":{"line":740,"column":42}}]},"95":{"loc":{"start":{"line":750,"column":2},"end":{"line":777,"column":3}},"type":"switch","locations":[{"start":{"line":751,"column":4},"end":{"line":751,"column":31}},{"start":{"line":752,"column":4},"end":{"line":752,"column":90}},{"start":{"line":753,"column":4},"end":{"line":753,"column":89}},{"start":{"line":754,"column":4},"end":{"line":758,"column":5}},{"start":{"line":759,"column":4},"end":{"line":763,"column":5}},{"start":{"line":764,"column":4},"end":{"line":768,"column":5}},{"start":{"line":769,"column":4},"end":{"line":769,"column":81}},{"start":{"line":770,"column":4},"end":{"line":770,"column":85}},{"start":{"line":771,"column":4},"end":{"line":771,"column":85}},{"start":{"line":772,"column":4},"end":{"line":772,"column":33}},{"start":{"line":773,"column":4},"end":{"line":776,"column":8}}]},"96":{"loc":{"start":{"line":756,"column":31},"end":{"line":756,"column":46}},"type":"binary-expr","locations":[{"start":{"line":756,"column":31},"end":{"line":756,"column":41}},{"start":{"line":756,"column":45},"end":{"line":756,"column":46}}]},"97":{"loc":{"start":{"line":761,"column":31},"end":{"line":761,"column":46}},"type":"binary-expr","locations":[{"start":{"line":761,"column":31},"end":{"line":761,"column":41}},{"start":{"line":761,"column":45},"end":{"line":761,"column":46}}]},"98":{"loc":{"start":{"line":766,"column":31},"end":{"line":766,"column":46}},"type":"binary-expr","locations":[{"start":{"line":766,"column":31},"end":{"line":766,"column":41}},{"start":{"line":766,"column":45},"end":{"line":766,"column":46}}]},"99":{"loc":{"start":{"line":808,"column":2},"end":{"line":810,"column":3}},"type":"if","locations":[{"start":{"line":808,"column":2},"end":{"line":810,"column":3}}]},"100":{"loc":{"start":{"line":808,"column":6},"end":{"line":808,"column":37}},"type":"binary-expr","locations":[{"start":{"line":808,"column":6},"end":{"line":808,"column":13}},{"start":{"line":808,"column":17},"end":{"line":808,"column":37}}]},"101":{"loc":{"start":{"line":833,"column":2},"end":{"line":833,"column":31}},"type":"if","locations":[{"start":{"line":833,"column":2},"end":{"line":833,"column":31}}]}},"s":{"0":9,"1":9,"2":9,"3":9,"4":9,"5":9,"6":9,"7":228,"8":5,"9":223,"10":223,"11":223,"12":223,"13":1360,"14":157,"15":223,"16":1360,"17":1360,"18":0,"19":1360,"20":1360,"21":492,"22":492,"23":492,"24":868,"25":487,"26":487,"27":487,"28":381,"29":1,"30":1,"31":1,"32":7,"33":0,"34":0,"35":7,"36":1,"37":1,"38":1,"39":1,"40":380,"41":380,"42":380,"43":380,"44":19600,"45":19600,"46":43,"47":5,"48":5,"49":38,"50":2,"51":2,"52":36,"53":36,"54":19557,"55":5,"56":5,"57":5,"58":19552,"59":178,"60":19374,"61":19374,"62":380,"63":0,"64":380,"65":380,"66":50,"67":50,"68":330,"69":32,"70":32,"71":298,"72":6,"73":6,"74":3,"75":6,"76":3,"77":3,"78":3,"79":3,"80":3,"81":3,"82":3,"83":295,"84":223,"85":223,"86":228,"87":228,"88":228,"89":228,"90":228,"91":1913,"92":879,"93":0,"94":0,"95":0,"96":0,"97":223,"98":0,"99":223,"100":198,"101":4,"102":4,"103":194,"104":656,"105":282,"106":31,"107":31,"108":30,"109":281,"110":687,"111":315,"112":47,"113":47,"114":44,"115":312,"116":734,"117":734,"118":440,"119":440,"120":7,"121":433,"122":433,"123":83,"124":3,"125":80,"126":80,"127":80,"128":294,"129":288,"130":6,"131":3,"132":3,"133":288,"134":288,"135":3,"136":3,"137":3,"138":285,"139":285,"140":285,"141":2,"142":2,"143":283,"144":283,"145":283,"146":283,"147":283,"148":13,"149":13,"150":2,"151":11,"152":11,"153":11,"154":270,"155":18,"156":18,"157":18,"158":3,"159":15,"160":252,"161":252,"162":65,"163":61,"164":187,"165":1,"166":187,"167":187,"168":92,"169":92,"170":5,"171":187,"172":190,"173":0,"174":190,"175":7,"176":9,"177":9,"178":9,"179":9,"180":9,"181":65,"182":65,"183":32,"184":33,"185":33,"186":10,"187":10,"188":23,"189":23,"190":4,"191":4,"192":19,"193":19,"194":2,"195":2,"196":17,"197":17,"198":2,"199":2,"200":15,"201":12,"202":12,"203":1,"204":11,"205":3,"206":34,"207":34,"208":9,"209":394,"210":65,"211":42,"212":242,"213":242,"214":32,"215":9,"216":9,"217":0,"218":9,"219":9,"220":0,"221":0,"222":0,"223":0,"224":9,"225":9,"226":9,"227":9,"228":9,"229":23,"230":23,"231":1,"232":22,"233":22,"234":0,"235":0,"236":0,"237":0,"238":22,"239":22,"240":22,"241":5,"242":5,"243":7,"244":5,"245":1,"246":4,"247":4,"248":7,"249":7,"250":6,"251":1,"252":274,"253":274,"254":274,"255":276,"256":272,"257":2,"258":366,"259":88,"260":2,"261":4,"262":2,"263":2,"264":86,"265":98,"266":278,"267":278,"268":278,"269":61,"270":217,"271":171,"272":46,"273":7,"274":15,"275":7,"276":39,"277":39,"278":39,"279":35,"280":4,"281":1,"282":3,"283":1,"284":2,"285":1,"286":1,"287":1,"288":0,"289":35,"290":0,"291":7,"292":7,"293":11,"294":10,"295":0,"296":31,"297":31,"298":31,"299":3,"300":14,"301":11,"302":11,"303":11,"304":5,"305":5,"306":1,"307":1,"308":3,"309":3,"310":2,"311":2,"312":11,"313":1,"314":1,"315":1,"316":1,"317":1,"318":1,"319":1,"320":1,"321":1,"322":1,"323":1,"324":1,"325":14,"326":4,"327":1,"328":1,"329":1,"330":1,"331":1,"332":1,"333":1,"334":1,"335":1,"336":1,"337":1,"338":1,"339":2,"340":2,"341":2,"342":2,"343":1,"344":1,"345":0,"346":0,"347":231,"348":3,"349":228,"350":223,"351":194,"352":52,"353":1,"354":51,"355":165},"f":{"0":228,"1":1360,"2":228,"3":1913,"4":879,"5":0,"6":223,"7":656,"8":687,"9":734,"10":288,"11":190,"12":65,"13":34,"14":394,"15":7,"16":6,"17":274,"18":366,"19":4,"20":2,"21":98,"22":15,"23":35,"24":31,"25":14,"26":231,"27":52,"28":165},"b":{"0":[5],"1":[1517,1517],"2":[0],"3":[492],"4":[487],"5":[1],"6":[381,380],"7":[8,8],"8":[0,7],"9":[7,0],"10":[1],"11":[43,19557],"12":[5,38],"13":[2,36],"14":[38,2],"15":[5,19552],"16":[19557,19553,5],"17":[5,0],"18":[178,19374],"19":[0],"20":[50],"21":[32],"22":[6],"23":[9,6],"24":[3],"25":[3],"26":[0],"27":[0],"28":[4],"29":[440],"30":[7],"31":[3],"32":[288],"33":[3],"34":[3],"35":[2],"36":[283,0],"37":[13],"38":[2],"39":[11,0],"40":[18],"41":[3],"42":[65],"43":[1],"44":[92],"45":[5],"46":[0],"47":[7],"48":[32],"49":[65,63],"50":[10],"51":[4],"52":[2],"53":[2],"54":[12],"55":[1],"56":[65,42,242,32,5,7,1],"57":[65,32],"58":[42,30],"59":[9],"60":[9,0],"61":[0],"62":[9,0],"63":[0,9],"64":[0],"65":[9,9],"66":[1],"67":[22,0],"68":[0,22],"69":[0],"70":[5,1,0],"71":[1],"72":[4,0],"73":[7,2,0],"74":[6,5,3,2],"75":[274,1],"76":[272],"77":[88],"78":[2],"79":[278,1],"80":[61],"81":[171],"82":[7],"83":[39,0],"84":[35],"85":[39,35],"86":[1],"87":[1],"88":[1],"89":[1],"90":[0,7,7,11,10,0],"91":[3,14,11,1,1,1],"92":[11,0],"93":[5,1,3,2],"94":[1,1],"95":[4,1,1,1,1,2,2,1,1,0,0],"96":[1,0],"97":[1,0],"98":[2,0],"99":[3],"100":[231,229],"101":[1]}}
,"/Users/styrbjorn/Sites/favro-cli/src/types/webhooks.ts": {"path":"/Users/styrbjorn/Sites/favro-cli/src/types/webhooks.ts","statementMap":{"0":{"start":{"line":17,"column":13},"end":{"line":17,"column":78}}},"fnMap":{},"branchMap":{},"s":{"0":4},"f":{},"b":{}}
}
