TN:
SF:src/lib/cards-api.ts
FN:43,(anonymous_0)
FN:52,(anonymous_1)
FN:92,(anonymous_2)
FN:96,(anonymous_3)
FN:100,(anonymous_4)
FN:105,(anonymous_5)
FN:109,(anonymous_6)
FN:113,(anonymous_7)
FNF:8
FNH:8
FNDA:28,(anonymous_0)
FNDA:11,(anonymous_1)
FNDA:2,(anonymous_2)
FNDA:3,(anonymous_3)
FNDA:4,(anonymous_4)
FNDA:3,(anonymous_5)
FNDA:2,(anonymous_6)
FNDA:3,(anonymous_7)
DA:42,1
DA:43,28
DA:53,11
DA:54,11
DA:55,11
DA:56,11
DA:59,11
DA:60,13
DA:65,13
DA:66,2
DA:67,2
DA:70,13
DA:72,12
DA:73,12
DA:76,12
DA:77,5
DA:78,5
DA:79,5
DA:82,7
DA:86,5
DA:89,10
DA:93,2
DA:97,3
DA:101,4
DA:102,3
DA:106,3
DA:110,2
DA:114,3
DA:117,3
DA:121,1
LF:30
LH:30
BRDA:52,0,0,5
BRDA:53,1,0,10
BRDA:53,1,1,1
BRDA:59,2,0,15
BRDA:59,2,1,14
BRDA:65,3,0,2
BRDA:72,4,0,12
BRDA:72,4,1,1
BRDA:76,5,0,5
BRDA:76,5,1,7
BRDA:78,6,0,5
BRDA:78,6,1,0
BRDA:79,7,0,5
BRDA:79,7,1,0
BRDA:86,8,0,1
BRDA:102,9,0,3
BRDA:102,9,1,1
BRDA:113,10,0,2
BRDA:117,11,0,3
BRDA:117,11,1,0
BRF:20
BRH:17
end_of_record
