TN:
SF:src/commands/cards-create.ts
FN:9,registerCardsCreateCommand
FN:18,(anonymous_11)
FN:27,(anonymous_12)
FNF:3
FNH:3
FNDA:13,registerCardsCreateCommand
FNDA:11,(anonymous_11)
FNDA:5,(anonymous_12)
DA:6,1
DA:7,1
DA:9,1
DA:10,13
DA:19,11
DA:20,11
DA:23,11
DA:25,11
DA:27,10
DA:28,5
DA:29,3
DA:30,3
DA:31,3
DA:34,6
DA:40,3
DA:41,3
DA:44,5
DA:45,5
DA:50,1
LF:19
LH:19
BRDA:21,0,0,11
BRDA:21,0,1,11
BRDA:25,1,0,5
BRDA:25,1,1,6
BRDA:31,2,0,1
BRDA:41,3,0,1
BRF:6
BRH:6
end_of_record
TN:
SF:src/commands/cards-export.ts
FN:21,parseFilter
FN:33,applyFilter
FN:44,(anonymous_3)
FN:45,(anonymous_4)
FN:48,(anonymous_5)
FN:51,(anonymous_6)
FN:52,(anonymous_7)
FN:60,registerCardsExportCommand
FN:68,(anonymous_9)
FNF:9
FNH:9
FNDA:12,parseFilter
FNDA:7,applyFilter
FNDA:6,(anonymous_3)
FNDA:8,(anonymous_4)
FNDA:6,(anonymous_5)
FNDA:3,(anonymous_6)
FNDA:3,(anonymous_7)
FNDA:7,registerCardsExportCommand
FNDA:6,(anonymous_9)
DA:11,1
DA:12,1
DA:13,1
DA:21,1
DA:22,12
DA:23,12
DA:24,10
DA:25,10
DA:26,10
DA:33,1
DA:34,7
DA:35,7
DA:36,1
DA:37,1
DA:40,6
DA:42,6
DA:44,2
DA:45,8
DA:48,6
DA:51,1
DA:52,3
DA:55,1
DA:56,1
DA:60,1
DA:61,7
DA:75,6
DA:76,0
DA:77,0
DA:81,6
DA:82,6
DA:83,1
DA:84,1
DA:87,5
DA:89,5
DA:90,5
DA:93,5
DA:96,5
DA:99,4
DA:100,1
DA:101,1
DA:102,1
DA:105,4
DA:106,0
DA:107,0
DA:111,4
DA:112,1
DA:114,3
DA:117,4
DA:119,1
DA:120,1
DA:121,1
DA:126,1
LF:52
LH:48
BRDA:23,0,0,2
BRDA:35,1,0,1
BRDA:42,2,0,2
BRDA:42,2,1,2
BRDA:42,2,2,1
BRDA:42,2,3,1
BRDA:42,2,4,1
BRDA:45,3,0,6
BRDA:45,3,1,0
BRDA:48,4,0,6
BRDA:48,4,1,0
BRDA:52,5,0,3
BRDA:52,5,1,0
BRDA:75,6,0,0
BRDA:81,7,0,6
BRDA:81,7,1,0
BRDA:82,8,0,1
BRDA:82,9,0,6
BRDA:82,9,1,2
BRDA:87,10,0,5
BRDA:87,10,1,0
BRDA:87,11,0,5
BRDA:87,11,1,0
BRDA:91,12,0,5
BRDA:91,12,1,5
BRDA:99,13,0,1
BRDA:105,14,0,0
BRDA:111,15,0,1
BRDA:111,15,1,3
BRDA:119,16,0,1
BRDA:119,16,1,0
BRF:31
BRH:22
end_of_record
TN:
SF:src/commands/cards-list.ts
FN:9,formatCardsTable
FN:15,(anonymous_2)
FN:27,registerCardsListCommand
FN:37,(anonymous_4)
FN:49,(anonymous_5)
FN:52,(anonymous_6)
FN:53,(anonymous_7)
FN:57,(anonymous_8)
FN:58,(anonymous_9)
FNF:9
FNH:9
FNDA:7,formatCardsTable
FNDA:11,(anonymous_2)
FNDA:20,registerCardsListCommand
FNDA:18,(anonymous_4)
FNDA:6,(anonymous_5)
FNDA:6,(anonymous_6)
FNDA:6,(anonymous_7)
FNDA:3,(anonymous_8)
FNDA:3,(anonymous_9)
DA:6,1
DA:7,1
DA:10,7
DA:11,2
DA:12,2
DA:15,11
DA:24,5
DA:27,1
DA:28,20
DA:38,18
DA:39,18
DA:42,18
DA:44,18
DA:45,18
DA:48,15
DA:49,6
DA:51,15
DA:52,6
DA:53,6
DA:56,15
DA:57,3
DA:58,3
DA:62,15
DA:63,8
DA:65,7
DA:66,7
DA:69,3
DA:70,3
DA:75,1
LF:29
LH:29
BRDA:10,0,0,2
BRDA:17,1,0,1
BRDA:17,1,1,10
BRDA:18,2,0,11
BRDA:18,2,1,1
BRDA:19,3,0,11
BRDA:19,3,1,2
BRDA:19,4,0,11
BRDA:19,4,1,1
BRDA:20,5,0,11
BRDA:20,5,1,2
BRDA:20,6,0,11
BRDA:20,6,1,1
BRDA:21,7,0,11
BRDA:21,7,1,0
BRDA:40,8,0,18
BRDA:40,8,1,18
BRDA:44,9,0,18
BRDA:44,9,1,0
BRDA:48,10,0,2
BRDA:51,11,0,2
BRDA:52,12,0,6
BRDA:52,12,1,0
BRDA:56,13,0,1
BRDA:57,14,0,3
BRDA:57,14,1,0
BRDA:62,15,0,8
BRDA:62,15,1,7
BRF:28
BRH:24
end_of_record
TN:
SF:src/commands/cards-update.ts
FN:5,registerCardsUpdateCommand
FN:15,(anonymous_2)
FNF:2
FNH:2
FNDA:18,registerCardsUpdateCommand
FNDA:16,(anonymous_2)
DA:2,1
DA:3,1
DA:5,1
DA:6,18
DA:16,16
DA:17,16
DA:20,16
DA:22,16
DA:23,16
DA:24,16
DA:25,16
DA:26,16
DA:27,16
DA:29,16
DA:30,13
DA:31,13
DA:33,3
DA:34,3
DA:39,1
LF:19
LH:19
BRDA:18,0,0,16
BRDA:18,0,1,16
BRDA:23,1,0,6
BRDA:24,2,0,2
BRDA:25,3,0,8
BRDA:26,4,0,2
BRDA:27,5,0,2
BRDA:31,6,0,1
BRF:8
BRH:8
end_of_record
TN:
SF:src/lib/boards-api.ts
FN:22,(anonymous_0)
FN:24,(anonymous_1)
FN:29,(anonymous_2)
FN:33,(anonymous_3)
FN:37,(anonymous_4)
FN:41,(anonymous_5)
FN:45,(anonymous_6)
FN:50,(anonymous_7)
FN:54,(anonymous_8)
FN:58,(anonymous_9)
FN:62,(anonymous_10)
FN:66,(anonymous_11)
FN:70,(anonymous_12)
FNF:13
FNH:13
FNDA:28,(anonymous_0)
FNDA:11,(anonymous_1)
FNDA:2,(anonymous_2)
FNDA:2,(anonymous_3)
FNDA:1,(anonymous_4)
FNDA:1,(anonymous_5)
FNDA:5,(anonymous_6)
FNDA:1,(anonymous_7)
FNDA:1,(anonymous_8)
FNDA:1,(anonymous_9)
FNDA:1,(anonymous_10)
FNDA:1,(anonymous_11)
FNDA:1,(anonymous_12)
DA:21,2
DA:22,28
DA:25,11
DA:26,8
DA:30,2
DA:34,2
DA:38,1
DA:42,1
DA:46,5
DA:47,5
DA:51,1
DA:55,1
DA:59,1
DA:63,1
DA:67,1
DA:71,1
DA:75,2
LF:17
LH:17
BRDA:24,0,0,10
BRDA:26,1,0,8
BRDA:26,1,1,1
BRDA:45,2,0,4
BRDA:47,3,0,5
BRDA:47,3,1,1
BRF:6
BRH:6
end_of_record
TN:
SF:src/lib/cards-api.ts
FN:30,(anonymous_0)
FN:32,(anonymous_1)
FN:39,(anonymous_2)
FN:43,(anonymous_3)
FN:47,(anonymous_4)
FN:52,(anonymous_5)
FN:56,(anonymous_6)
FN:60,(anonymous_7)
FNF:8
FNH:8
FNDA:24,(anonymous_0)
FNDA:7,(anonymous_1)
FNDA:2,(anonymous_2)
FNDA:3,(anonymous_3)
FNDA:4,(anonymous_4)
FNDA:3,(anonymous_5)
FNDA:2,(anonymous_6)
FNDA:3,(anonymous_7)
DA:29,5
DA:30,24
DA:33,7
DA:34,7
DA:35,7
DA:36,6
DA:40,2
DA:44,3
DA:48,4
DA:49,3
DA:53,3
DA:57,2
DA:61,3
DA:64,3
DA:68,5
LF:15
LH:15
BRDA:32,0,0,5
BRDA:34,1,0,6
BRDA:34,1,1,1
BRDA:36,2,0,6
BRDA:36,2,1,1
BRDA:49,3,0,3
BRDA:49,3,1,1
BRDA:60,4,0,2
BRDA:64,5,0,3
BRDA:64,5,1,0
BRF:10
BRH:9
end_of_record
TN:
SF:src/lib/csv.ts
FN:46,normalizeCard
FN:69,escapeCsvField
FN:80,cardsToCSV
FN:82,(anonymous_4)
FN:83,(anonymous_5)
FN:95,writeCardsCSV
FN:96,(anonymous_7)
FN:112,(anonymous_8)
FN:125,(anonymous_9)
FN:147,writeCardsJSON
FN:148,(anonymous_11)
FN:163,(anonymous_12)
FN:175,(anonymous_13)
FNF:13
FNH:11
FNDA:18,normalizeCard
FNDA:141,escapeCsvField
FNDA:5,cardsToCSV
FNDA:6,(anonymous_4)
FNDA:54,(anonymous_5)
FNDA:1,writeCardsCSV
FNDA:1,(anonymous_7)
FNDA:0,(anonymous_8)
FNDA:27,(anonymous_9)
FNDA:3,writeCardsJSON
FNDA:3,(anonymous_11)
FNDA:0,(anonymous_12)
FNDA:55,(anonymous_13)
DA:11,1
DA:12,1
DA:16,1
DA:46,1
DA:47,18
DA:69,1
DA:70,141
DA:72,141
DA:73,141
DA:80,1
DA:81,5
DA:82,5
DA:83,54
DA:85,5
DA:95,1
DA:96,1
DA:97,1
DA:99,1
DA:100,1
DA:102,0
DA:106,1
DA:107,1
DA:109,0
DA:112,1
DA:113,0
DA:116,1
DA:119,1
DA:120,1
DA:123,1
DA:124,3
DA:125,27
DA:129,3
DA:132,1
DA:147,1
DA:148,3
DA:149,3
DA:150,3
DA:151,3
DA:153,0
DA:157,3
DA:158,3
DA:160,0
DA:163,3
DA:164,0
DA:167,3
DA:170,3
DA:171,3
DA:172,5
DA:173,5
DA:175,55
DA:177,5
DA:178,5
DA:180,3
DA:182,3
LF:54
LH:48
BRDA:48,0,0,18
BRDA:48,0,1,0
BRDA:49,1,0,18
BRDA:49,1,1,0
BRDA:50,2,0,18
BRDA:50,2,1,1
BRDA:51,3,0,18
BRDA:51,3,1,1
BRDA:52,4,0,18
BRDA:52,4,1,1
BRDA:53,5,0,18
BRDA:53,5,1,1
BRDA:54,6,0,18
BRDA:54,6,1,18
BRDA:55,7,0,18
BRDA:55,7,1,0
BRDA:56,8,0,18
BRDA:56,8,1,0
BRDA:70,9,0,141
BRDA:70,9,1,0
BRDA:100,10,0,1
BRDA:100,11,0,1
BRDA:100,11,1,1
BRDA:151,12,0,3
BRDA:151,13,0,3
BRDA:151,13,1,3
BRDA:175,14,0,5
BRDA:175,14,1,50
BRDA:177,15,0,2
BRDA:177,15,1,3
BRF:30
BRH:25
end_of_record
TN:
SF:src/lib/http-client.ts
FN:11,(anonymous_1)
FN:19,(anonymous_2)
FN:25,(anonymous_3)
FN:26,(anonymous_4)
FN:29,(anonymous_5)
FN:37,(anonymous_6)
FN:42,(anonymous_7)
FN:46,(anonymous_8)
FN:50,(anonymous_9)
FN:54,(anonymous_10)
FN:58,(anonymous_11)
FN:62,(anonymous_12)
FN:66,(anonymous_13)
FN:67,(anonymous_14)
FNF:14
FNH:14
FNDA:34,(anonymous_1)
FNDA:4,(anonymous_2)
FNDA:1,(anonymous_3)
FNDA:7,(anonymous_4)
FNDA:4,(anonymous_5)
FNDA:7,(anonymous_6)
FNDA:5,(anonymous_7)
FNDA:4,(anonymous_8)
FNDA:7,(anonymous_9)
FNDA:2,(anonymous_10)
FNDA:1,(anonymous_11)
FNDA:1,(anonymous_12)
FNDA:3,(anonymous_13)
FNDA:1,(anonymous_14)
DA:1,6
DA:7,6
DA:12,34
DA:13,34
DA:19,34
DA:20,4
DA:21,4
DA:24,34
DA:25,1
DA:27,7
DA:28,4
DA:29,4
DA:30,4
DA:32,3
DA:38,7
DA:39,7
DA:43,5
DA:47,4
DA:51,7
DA:55,2
DA:59,1
DA:63,1
DA:66,3
DA:67,1
DA:70,6
LF:25
LH:25
BRDA:11,0,0,22
BRDA:14,1,0,34
BRDA:14,1,1,33
BRDA:20,2,0,2
BRDA:27,3,0,4
BRDA:27,4,0,7
BRDA:27,4,1,5
BRDA:39,5,0,7
BRDA:39,5,1,6
BRDA:39,5,2,5
BRDA:39,5,3,3
BRDA:47,6,0,4
BRF:12
BRH:12
end_of_record
